<?xml version="1.0" encoding="utf-8"?><testsuites name="pytest tests"><testsuite name="pytest" errors="0" failures="0" skipped="0" tests="26" time="2.768" timestamp="2026-01-13T00:23:01.350296+00:00" hostname="agent-env-11356093-fd34-4ad5-97e6-480463c4b65b"><testcase classname="tests.test_analytics_endpoints.TestAnalyticsAuth" name="test_student_usage_requires_auth" time="0.081" /><testcase classname="tests.test_analytics_endpoints.TestAnalyticsAuth" name="test_gender_violence_report_requires_auth" time="0.044" /><testcase classname="tests.test_analytics_endpoints.TestAnalyticsAuth" name="test_engagement_trends_requires_auth" time="0.044" /><testcase classname="tests.test_analytics_endpoints.TestAnalyticsAuth" name="test_student_cannot_access_student_usage" time="0.317" /><testcase classname="tests.test_analytics_endpoints.TestAnalyticsAuth" name="test_student_cannot_access_gender_violence_report" time="0.047" /><testcase classname="tests.test_analytics_endpoints.TestAnalyticsAuth" name="test_student_cannot_access_engagement_trends" time="0.053" /><testcase classname="tests.test_analytics_endpoints.TestStudentUsageAnalytics" name="test_super_admin_can_access_student_usage" time="0.324" /><testcase classname="tests.test_analytics_endpoints.TestStudentUsageAnalytics" name="test_student_usage_summary_structure" time="0.052" /><testcase classname="tests.test_analytics_endpoints.TestStudentUsageAnalytics" name="test_student_usage_with_period_7d" time="0.052" /><testcase classname="tests.test_analytics_endpoints.TestStudentUsageAnalytics" name="test_student_usage_with_period_90d" time="0.052" /><testcase classname="tests.test_analytics_endpoints.TestStudentUsageAnalytics" name="test_student_usage_with_period_all" time="0.057" /><testcase classname="tests.test_analytics_endpoints.TestGenderViolenceReport" name="test_super_admin_can_access_gbv_report" time="0.315" /><testcase classname="tests.test_analytics_endpoints.TestGenderViolenceReport" name="test_gbv_report_summary_structure" time="0.047" /><testcase classname="tests.test_analytics_endpoints.TestGenderViolenceReport" name="test_gbv_report_with_year_parameter" time="0.043" /><testcase classname="tests.test_analytics_endpoints.TestGenderViolenceReport" name="test_gbv_report_response_time_structure" time="0.047" /><testcase classname="tests.test_analytics_endpoints.TestEngagementTrends" name="test_super_admin_can_access_engagement_trends" time="0.308" /><testcase classname="tests.test_analytics_endpoints.TestEngagementTrends" name="test_engagement_trends_default_30_days" time="0.040" /><testcase classname="tests.test_analytics_endpoints.TestEngagementTrends" name="test_engagement_trends_with_custom_days" time="0.048" /><testcase classname="tests.test_analytics_endpoints.TestEngagementTrends" name="test_engagement_trends_min_days_validation" time="0.045" /><testcase classname="tests.test_analytics_endpoints.TestEngagementTrends" name="test_engagement_trends_max_days_validation" time="0.040" /><testcase classname="tests.test_analytics_endpoints.TestEngagementTrends" name="test_engagement_trends_total_by_type_structure" time="0.046" /><testcase classname="tests.test_analytics_endpoints.TestAnalyticsDataAggregation" name="test_student_usage_total_users_is_positive" time="0.347" /><testcase classname="tests.test_analytics_endpoints.TestAnalyticsDataAggregation" name="test_student_usage_users_by_role_not_empty" time="0.054" /><testcase classname="tests.test_analytics_endpoints.TestAnalyticsDataAggregation" name="test_engagement_rate_is_valid_percentage" time="0.058" /><testcase classname="tests.test_analytics_endpoints.TestAnalyticsDataAggregation" name="test_gbv_percentage_is_valid" time="0.050" /><testcase classname="tests.test_analytics_endpoints.TestAnalyticsDataAggregation" name="test_resolution_rate_is_valid" time="0.043" /></testsuite></testsuites>