<?xml version="1.0" encoding="utf-8"?><testsuites name="pytest tests"><testsuite name="pytest" errors="0" failures="0" skipped="0" tests="32" time="6.709" timestamp="2026-02-15T03:25:30.642462+00:00" hostname="agent-env-d01d4cd8-d98c-4914-aff6-553004a9d849"><testcase classname="backend.tests.test_ip_anomaly.TestIPAnomalyAuthentication" name="test_stats_requires_auth" time="0.134" /><testcase classname="backend.tests.test_ip_anomaly.TestIPAnomalyAuthentication" name="test_alerts_list_requires_auth" time="0.127" /><testcase classname="backend.tests.test_ip_anomaly.TestIPAnomalyAuthentication" name="test_resolve_alert_requires_auth" time="0.100" /><testcase classname="backend.tests.test_ip_anomaly.TestIPAnomalyAuthentication" name="test_resolve_all_requires_auth" time="0.105" /><testcase classname="backend.tests.test_ip_anomaly.TestIPAnomalyAuthentication" name="test_settings_get_requires_auth" time="0.133" /><testcase classname="backend.tests.test_ip_anomaly.TestIPAnomalyAuthentication" name="test_settings_post_requires_auth" time="0.107" /><testcase classname="backend.tests.test_ip_anomaly.TestIPAnomalyAuthentication" name="test_login_history_requires_auth" time="0.118" /><testcase classname="backend.tests.test_ip_anomaly.TestIPAnomalySuperAdmin" name="test_super_admin_can_get_stats" time="0.533" /><testcase classname="backend.tests.test_ip_anomaly.TestIPAnomalySuperAdmin" name="test_super_admin_can_list_alerts" time="0.153" /><testcase classname="backend.tests.test_ip_anomaly.TestIPAnomalySuperAdmin" name="test_super_admin_can_filter_by_severity" time="0.278" /><testcase classname="backend.tests.test_ip_anomaly.TestIPAnomalySuperAdmin" name="test_super_admin_can_filter_by_type" time="0.131" /><testcase classname="backend.tests.test_ip_anomaly.TestIPAnomalySuperAdmin" name="test_super_admin_can_filter_by_resolved" time="0.135" /><testcase classname="backend.tests.test_ip_anomaly.TestIPAnomalySuperAdmin" name="test_super_admin_can_get_settings" time="0.115" /><testcase classname="backend.tests.test_ip_anomaly.TestIPAnomalySuperAdmin" name="test_super_admin_can_update_settings" time="0.177" /><testcase classname="backend.tests.test_ip_anomaly.TestIPAnomalySuperAdmin" name="test_super_admin_can_access_login_history" time="0.115" /><testcase classname="backend.tests.test_ip_anomaly.TestIPAnomalySuperAdmin" name="test_super_admin_can_filter_login_history_by_email" time="0.125" /><testcase classname="backend.tests.test_ip_anomaly.TestIPAnomalySuperAdmin" name="test_super_admin_can_resolve_all" time="0.114" /><testcase classname="backend.tests.test_ip_anomaly.TestIPAnomalySuperAdmin" name="test_resolve_nonexistent_alert_returns_404" time="0.118" /><testcase classname="backend.tests.test_ip_anomaly.TestIPAnomalySuperAdmin" name="test_invalid_settings_key_returns_400" time="0.117" /><testcase classname="backend.tests.test_ip_anomaly.TestIPAnomalyTenantAdmin" name="test_tenant_admin_can_get_stats" time="0.513" /><testcase classname="backend.tests.test_ip_anomaly.TestIPAnomalyTenantAdmin" name="test_tenant_admin_can_list_alerts" time="0.132" /><testcase classname="backend.tests.test_ip_anomaly.TestIPAnomalyTenantAdmin" name="test_tenant_admin_can_get_settings" time="0.118" /><testcase classname="backend.tests.test_ip_anomaly.TestIPAnomalyTenantAdmin" name="test_tenant_admin_cannot_update_settings" time="0.122" /><testcase classname="backend.tests.test_ip_anomaly.TestIPAnomalyTenantAdmin" name="test_tenant_admin_cannot_access_login_history" time="0.109" /><testcase classname="backend.tests.test_ip_anomaly.TestIPAnomalyStudentAccess" name="test_student_cannot_access_stats" time="0.899" /><testcase classname="backend.tests.test_ip_anomaly.TestIPAnomalyStudentAccess" name="test_student_cannot_access_alerts" time="0.111" /><testcase classname="backend.tests.test_ip_anomaly.TestIPAnomalyStudentAccess" name="test_student_cannot_resolve_alert" time="0.105" /><testcase classname="backend.tests.test_ip_anomaly.TestIPAnomalyStudentAccess" name="test_student_cannot_resolve_all" time="0.149" /><testcase classname="backend.tests.test_ip_anomaly.TestIPAnomalyStudentAccess" name="test_student_cannot_access_settings" time="0.112" /><testcase classname="backend.tests.test_ip_anomaly.TestIPAnomalyStudentAccess" name="test_student_cannot_update_settings" time="0.118" /><testcase classname="backend.tests.test_ip_anomaly.TestIPAnomalyStudentAccess" name="test_student_cannot_access_login_history" time="0.251" /><testcase classname="backend.tests.test_ip_anomaly.TestLoginTriggersAnomalyDetection" name="test_login_history_has_records" time="0.967" /></testsuite></testsuites>