<?xml version="1.0" encoding="utf-8"?><testsuites name="pytest tests"><testsuite name="pytest" errors="0" failures="0" skipped="1" tests="7" time="2.098" timestamp="2026-02-17T05:56:19.412066+00:00" hostname="agent-env-25f35378-b8f5-4919-8f25-6cd429bf7b89"><testcase classname="backend.tests.test_tenant_branding_iteration38.TestHealthEndpoint" name="test_health_endpoint_returns_200" time="0.131" /><testcase classname="backend.tests.test_tenant_branding_iteration38.TestAISuggestionsRemoval" name="test_ai_suggestions_endpoint_returns_404" time="0.103" /><testcase classname="backend.tests.test_tenant_branding_iteration38.TestLoginEndpoint" name="test_login_super_admin_success" time="0.675" /><testcase classname="backend.tests.test_tenant_branding_iteration38.TestLoginEndpoint" name="test_login_invalid_credentials" time="0.410" /><testcase classname="backend.tests.test_tenant_branding_iteration38.TestTenantsEndpoint" name="test_get_tenants_returns_branding_data" time="0.502" /><testcase classname="backend.tests.test_tenant_branding_iteration38.TestTenantsEndpoint" name="test_get_tenants_unauthorized" time="0.101" /><testcase classname="backend.tests.test_tenant_branding_iteration38.TestBrandingEndpoint" name="test_get_tenant_branding_by_code" time="0.118"><skipped type="pytest.skip" message="Branding endpoint not publicly available (status=401)">/app/backend/tests/test_tenant_branding_iteration38.py:170: Branding endpoint not publicly available (status=401)</skipped></testcase></testsuite></testsuites>