<?xml version="1.0" encoding="utf-8"?><testsuites name="pytest tests"><testsuite name="pytest" errors="0" failures="0" skipped="0" tests="26" time="5.883" timestamp="2026-02-19T06:15:31.664747+00:00" hostname="agent-env-148ebaec-7811-4891-ac31-bdd7d276b82e"><testcase classname="backend.tests.test_pen_test_security_fixes.TestPublicComplianceEndpoints" name="test_compliance_status_returns_200_no_auth" time="0.259" /><testcase classname="backend.tests.test_pen_test_security_fixes.TestPublicComplianceEndpoints" name="test_encryption_status_returns_200_no_auth" time="0.124" /><testcase classname="backend.tests.test_pen_test_security_fixes.TestPublicComplianceEndpoints" name="test_token_security_returns_200_no_auth" time="0.129" /><testcase classname="backend.tests.test_pen_test_security_fixes.TestPublicComplianceEndpoints" name="test_rbac_verify_returns_200_no_auth" time="0.117" /><testcase classname="backend.tests.test_pen_test_security_fixes.TestPublicComplianceEndpoints" name="test_pii_inventory_returns_200_no_auth" time="0.125" /><testcase classname="backend.tests.test_pen_test_security_fixes.TestPublicComplianceEndpoints" name="test_consent_mechanism_returns_200_no_auth" time="0.122" /><testcase classname="backend.tests.test_pen_test_security_fixes.TestPublicComplianceEndpoints" name="test_data_masking_policy_returns_200_no_auth" time="0.126" /><testcase classname="backend.tests.test_pen_test_security_fixes.TestPublicComplianceEndpoints" name="test_session_policy_returns_200_no_auth" time="0.116" /><testcase classname="backend.tests.test_pen_test_security_fixes.TestPublicComplianceEndpoints" name="test_audit_policy_returns_200_no_auth" time="0.107" /><testcase classname="backend.tests.test_pen_test_security_fixes.TestPublicComplianceEndpoints" name="test_privacy_notice_returns_200_no_auth" time="0.117" /><testcase classname="backend.tests.test_pen_test_security_fixes.TestSecurityHeaders" name="test_hsts_with_preload" time="0.120" /><testcase classname="backend.tests.test_pen_test_security_fixes.TestSecurityHeaders" name="test_xss_protection_header" time="0.119" /><testcase classname="backend.tests.test_pen_test_security_fixes.TestSecurityHeaders" name="test_content_type_options_header" time="0.112" /><testcase classname="backend.tests.test_pen_test_security_fixes.TestSecurityHeaders" name="test_frame_options_header" time="0.105" /><testcase classname="backend.tests.test_pen_test_security_fixes.TestSecurityHeaders" name="test_content_security_policy_header" time="0.104" /><testcase classname="backend.tests.test_pen_test_security_fixes.TestSecurityHeaders" name="test_referrer_policy_header" time="0.113" /><testcase classname="backend.tests.test_pen_test_security_fixes.TestSecurityHeaders" name="test_permissions_policy_header" time="0.121" /><testcase classname="backend.tests.test_pen_test_security_fixes.TestXSSPrevention" name="test_register_sanitizes_script_tag" time="0.512" /><testcase classname="backend.tests.test_pen_test_security_fixes.TestXSSPrevention" name="test_register_sanitizes_img_onerror" time="0.442" /><testcase classname="backend.tests.test_pen_test_security_fixes.TestXSSPrevention" name="test_update_me_sanitizes_xss" time="0.604" /><testcase classname="backend.tests.test_pen_test_security_fixes.TestRBACEnforcement" name="test_admin_users_returns_403_for_student" time="0.460" /><testcase classname="backend.tests.test_pen_test_security_fixes.TestRBACEnforcement" name="test_users_list_returns_403_for_student" time="0.108" /><testcase classname="backend.tests.test_pen_test_security_fixes.TestAuthenticatedComplianceFeatures" name="test_consent_recording" time="0.520" /><testcase classname="backend.tests.test_pen_test_security_fixes.TestAuthenticatedComplianceFeatures" name="test_data_export" time="0.119" /><testcase classname="backend.tests.test_pen_test_security_fixes.TestAuthenticatedComplianceFeatures" name="test_account_deletion_requires_confirm" time="0.125" /><testcase classname="backend.tests.test_pen_test_security_fixes.TestAuthenticatedComplianceFeatures" name="test_account_deletion_with_confirm" time="0.625" /></testsuite></testsuites>