<?xml version="1.0" encoding="utf-8"?><testsuites name="pytest tests"><testsuite name="pytest" errors="0" failures="2" skipped="0" tests="14" time="5.913" timestamp="2026-02-19T01:35:32.241744+00:00" hostname="agent-env-3b24b185-e693-46c8-8e52-3b3e39af9752"><testcase classname="backend.tests.test_compliance_gdpr_rbac.TestRBACUsersListEndpoint" name="test_users_list_returns_403_for_student" time="0.765" /><testcase classname="backend.tests.test_compliance_gdpr_rbac.TestRBACUsersListEndpoint" name="test_users_list_returns_200_for_admin" time="0.556"><failure message="AssertionError: Expected 200, got 401: {&quot;detail&quot;:&quot;Invalid token&quot;}&#10;assert 401 == 200&#10; +  where 401 = &lt;Response [401]&gt;.status_code">backend/tests/test_compliance_gdpr_rbac.py:87: in test_users_list_returns_200_for_admin
    assert response.status_code == 200, f"Expected 200, got {response.status_code}: {response.text}"
E   AssertionError: Expected 200, got 401: {"detail":"Invalid token"}
E   assert 401 == 200
E    +  where 401 = &lt;Response [401]&gt;.status_code</failure></testcase><testcase classname="backend.tests.test_compliance_gdpr_rbac.TestRBACComplianceEndpoints" name="test_encryption_status_returns_403_for_student" time="0.570" /><testcase classname="backend.tests.test_compliance_gdpr_rbac.TestRBACComplianceEndpoints" name="test_deletion_requests_returns_403_for_student" time="0.159" /><testcase classname="backend.tests.test_compliance_gdpr_rbac.TestRBACComplianceEndpoints" name="test_data_masking_policy_returns_403_for_student" time="0.134" /><testcase classname="backend.tests.test_compliance_gdpr_rbac.TestXSSSanitization" name="test_register_strips_html_from_first_name" time="0.495" /><testcase classname="backend.tests.test_compliance_gdpr_rbac.TestEncryptionStatusEndpoint" name="test_encryption_status_returns_details_for_admin" time="0.478" /><testcase classname="backend.tests.test_compliance_gdpr_rbac.TestPrivacyNoticeEndpoint" name="test_privacy_notice_is_public_no_auth" time="0.128" /><testcase classname="backend.tests.test_compliance_gdpr_rbac.TestConsentEndpoints" name="test_record_consent_with_timestamp" time="0.577" /><testcase classname="backend.tests.test_compliance_gdpr_rbac.TestConsentEndpoints" name="test_get_consents_returns_user_records" time="0.127" /><testcase classname="backend.tests.test_compliance_gdpr_rbac.TestConsentEndpoints" name="test_withdraw_consent" time="0.273" /><testcase classname="backend.tests.test_compliance_gdpr_rbac.TestDataExportEndpoint" name="test_export_returns_json_with_user_data" time="0.703" /><testcase classname="backend.tests.test_compliance_gdpr_rbac.TestDeletionEndpoint" name="test_deletion_requires_confirm_true" time="0.671" /><testcase classname="backend.tests.test_compliance_gdpr_rbac.TestDeletionEndpoint" name="test_deletion_creates_pending_request" time="0.137"><failure message="assert 429 == 200&#10; +  where 429 = &lt;Response [429]&gt;.status_code">backend/tests/test_compliance_gdpr_rbac.py:341: in test_deletion_creates_pending_request
    assert reg_response.status_code == 200
E   assert 429 == 200
E    +  where 429 = &lt;Response [429]&gt;.status_code</failure></testcase></testsuite></testsuites>