<?xml version="1.0" encoding="utf-8"?><testsuites name="pytest tests"><testsuite name="pytest" errors="0" failures="0" skipped="0" tests="26" time="7.979" timestamp="2026-02-15T02:41:31.722132+00:00" hostname="agent-env-2bd449ca-0636-4ff6-9d93-d089ce2358ca"><testcase classname="backend.tests.test_compliance_reports.TestGetSchedule" name="test_get_schedule_without_auth_returns_401" time="0.219" /><testcase classname="backend.tests.test_compliance_reports.TestGetSchedule" name="test_get_schedule_as_student_returns_403" time="0.541" /><testcase classname="backend.tests.test_compliance_reports.TestGetSchedule" name="test_get_schedule_as_super_admin_returns_200" time="0.449" /><testcase classname="backend.tests.test_compliance_reports.TestGetSchedule" name="test_get_schedule_as_tenant_admin_returns_200" time="0.563" /><testcase classname="backend.tests.test_compliance_reports.TestUpdateSchedule" name="test_update_schedule_without_auth_returns_401" time="0.123" /><testcase classname="backend.tests.test_compliance_reports.TestUpdateSchedule" name="test_update_schedule_as_student_returns_403" time="0.117" /><testcase classname="backend.tests.test_compliance_reports.TestUpdateSchedule" name="test_update_schedule_as_tenant_admin_returns_403" time="2.024" /><testcase classname="backend.tests.test_compliance_reports.TestUpdateSchedule" name="test_update_schedule_invalid_day_returns_400" time="0.130" /><testcase classname="backend.tests.test_compliance_reports.TestUpdateSchedule" name="test_update_schedule_invalid_hour_returns_400" time="0.121" /><testcase classname="backend.tests.test_compliance_reports.TestUpdateSchedule" name="test_update_schedule_invalid_recipients_returns_400" time="0.223" /><testcase classname="backend.tests.test_compliance_reports.TestUpdateSchedule" name="test_update_schedule_day_success" time="0.103" /><testcase classname="backend.tests.test_compliance_reports.TestUpdateSchedule" name="test_update_schedule_hour_success" time="0.113" /><testcase classname="backend.tests.test_compliance_reports.TestUpdateSchedule" name="test_update_schedule_recipients_success" time="0.235" /><testcase classname="backend.tests.test_compliance_reports.TestUpdateSchedule" name="test_update_schedule_enabled_toggle" time="0.268" /><testcase classname="backend.tests.test_compliance_reports.TestSendReportNow" name="test_send_report_without_auth_returns_401" time="0.125" /><testcase classname="backend.tests.test_compliance_reports.TestSendReportNow" name="test_send_report_as_student_returns_403" time="0.114" /><testcase classname="backend.tests.test_compliance_reports.TestSendReportNow" name="test_send_report_as_tenant_admin_returns_403" time="0.121" /><testcase classname="backend.tests.test_compliance_reports.TestSendReportNow" name="test_send_report_as_super_admin_success" time="0.506" /><testcase classname="backend.tests.test_compliance_reports.TestListComplianceReports" name="test_list_reports_without_auth_returns_401" time="0.119" /><testcase classname="backend.tests.test_compliance_reports.TestListComplianceReports" name="test_list_reports_as_student_returns_403" time="0.115" /><testcase classname="backend.tests.test_compliance_reports.TestListComplianceReports" name="test_list_reports_as_super_admin_success" time="0.116" /><testcase classname="backend.tests.test_compliance_reports.TestListComplianceReports" name="test_list_reports_as_tenant_admin_success" time="0.113" /><testcase classname="backend.tests.test_compliance_reports.TestScheduleValidation" name="test_hour_utc_boundary_0" time="0.124" /><testcase classname="backend.tests.test_compliance_reports.TestScheduleValidation" name="test_hour_utc_boundary_23" time="0.139" /><testcase classname="backend.tests.test_compliance_reports.TestScheduleValidation" name="test_hour_utc_negative_invalid" time="0.121" /><testcase classname="backend.tests.test_compliance_reports.TestScheduleValidation" name="test_day_case_insensitive" time="0.896" /></testsuite></testsuites>