<?xml version="1.0" encoding="utf-8"?><testsuites name="pytest tests"><testsuite name="pytest" errors="0" failures="0" skipped="0" tests="18" time="6.690" timestamp="2026-01-19T02:14:21.790607+00:00" hostname="agent-env-e830e52a-6e57-4202-aa02-641c4a43ce18"><testcase classname="tests.test_bug_fixes_iteration9.TestUserLogin" name="test_login_super_admin" time="0.301" /><testcase classname="tests.test_bug_fixes_iteration9.TestUserLogin" name="test_login_ra_user" time="0.267" /><testcase classname="tests.test_bug_fixes_iteration9.TestUserLogin" name="test_login_new_user_estherf" time="0.265" /><testcase classname="tests.test_bug_fixes_iteration9.TestUserLogin" name="test_login_new_user_emeliaf" time="0.273" /><testcase classname="tests.test_bug_fixes_iteration9.TestAdminChangeRole" name="test_change_role_endpoint_exists" time="0.307" /><testcase classname="tests.test_bug_fixes_iteration9.TestAdminChangeRole" name="test_change_role_to_ra" time="0.351" /><testcase classname="tests.test_bug_fixes_iteration9.TestAdminChangeRole" name="test_change_role_back_to_student" time="0.356" /><testcase classname="tests.test_bug_fixes_iteration9.TestAdminChangeRole" name="test_change_role_invalid_role" time="0.352" /><testcase classname="tests.test_bug_fixes_iteration9.TestAdminChangeRole" name="test_change_role_requires_admin" time="0.304" /><testcase classname="tests.test_bug_fixes_iteration9.TestFloorEvents" name="test_get_events_returns_floor_field" time="0.305" /><testcase classname="tests.test_bug_fixes_iteration9.TestFloorEvents" name="test_create_floor_event" time="0.351" /><testcase classname="tests.test_bug_fixes_iteration9.TestFloorEvents" name="test_floor_events_filter_by_category" time="0.303" /><testcase classname="tests.test_bug_fixes_iteration9.TestLateMeals" name="test_get_late_meals_admin" time="0.309" /><testcase classname="tests.test_bug_fixes_iteration9.TestLateMeals" name="test_create_late_meal_request" time="0.313" /><testcase classname="tests.test_bug_fixes_iteration9.TestLateMeals" name="test_update_late_meal_request" time="0.380" /><testcase classname="tests.test_bug_fixes_iteration9.TestLateMeals" name="test_admin_can_edit_any_late_meal" time="0.705" /><testcase classname="tests.test_bug_fixes_iteration9.TestCleanup" name="test_cleanup_test_late_meals" time="0.423" /><testcase classname="tests.test_bug_fixes_iteration9.TestCleanup" name="test_cleanup_test_events" time="0.701" /></testsuite></testsuites>