<?xml version="1.0" encoding="utf-8"?><testsuites name="pytest tests"><testsuite name="pytest" errors="0" failures="0" skipped="0" tests="19" time="6.065" timestamp="2026-01-22T06:29:16.077178+00:00" hostname="agent-env-6413043e-928f-414a-a518-0b56a52267e7"><testcase classname="tests.test_p0_p2_features.TestAuthentication" name="test_super_admin_login" time="0.328" /><testcase classname="tests.test_p0_p2_features.TestAuthentication" name="test_ra_login" time="0.267" /><testcase classname="tests.test_p0_p2_features.TestAuthentication" name="test_student_login" time="0.263" /><testcase classname="tests.test_p0_p2_features.TestJobManagement" name="test_create_job_with_pay_rate" time="0.314" /><testcase classname="tests.test_p0_p2_features.TestJobManagement" name="test_get_jobs_list" time="0.310" /><testcase classname="tests.test_p0_p2_features.TestJobManagement" name="test_update_job" time="0.349" /><testcase classname="tests.test_p0_p2_features.TestJobManagement" name="test_delete_job" time="0.346" /><testcase classname="tests.test_p0_p2_features.TestAdminDashboard" name="test_admin_stats_endpoint" time="0.301" /><testcase classname="tests.test_p0_p2_features.TestAdminDashboard" name="test_no_tenant_management_for_admin" time="0.307" /><testcase classname="tests.test_p0_p2_features.TestRecognitionScreen" name="test_get_shoutouts" time="0.308" /><testcase classname="tests.test_p0_p2_features.TestRecognitionScreen" name="test_create_shoutout" time="0.297" /><testcase classname="tests.test_p0_p2_features.TestUserManagement" name="test_get_users_list" time="0.309" /><testcase classname="tests.test_p0_p2_features.TestExportFunctionality" name="test_admin_csv_templates" time="0.301" /><testcase classname="tests.test_p0_p2_features.TestSetupStats" name="test_get_setup_stats" time="0.345" /><testcase classname="tests.test_p0_p2_features.TestEventsManagement" name="test_get_events" time="0.300" /><testcase classname="tests.test_p0_p2_features.TestEventsManagement" name="test_create_event" time="0.305" /><testcase classname="tests.test_p0_p2_features.TestEventsManagement" name="test_update_event" time="0.367" /><testcase classname="tests.test_p0_p2_features.TestStudentReports" name="test_get_student_reports" time="0.300" /><testcase classname="tests.test_p0_p2_features.TestCleanup" name="test_cleanup_test_jobs" time="0.376" /></testsuite></testsuites>