<?xml version="1.0" encoding="utf-8"?><testsuites name="pytest tests"><testsuite name="pytest" errors="0" failures="0" skipped="1" tests="21" time="5.891" timestamp="2026-01-13T00:02:17.737090+00:00" hostname="agent-env-11356093-fd34-4ad5-97e6-480463c4b65b"><testcase classname="tests.test_tenant_management.TestAuthentication" name="test_super_admin_login" time="1.601" /><testcase classname="tests.test_tenant_management.TestAuthentication" name="test_ra_login" time="0.270" /><testcase classname="tests.test_tenant_management.TestTenantManagement" name="test_list_tenants_super_admin" time="0.366" /><testcase classname="tests.test_tenant_management.TestTenantManagement" name="test_list_tenants_ra_forbidden" time="0.326" /><testcase classname="tests.test_tenant_management.TestTenantManagement" name="test_list_tenants_unauthenticated" time="0.041" /><testcase classname="tests.test_tenant_management.TestTenantManagement" name="test_create_tenant" time="0.271" /><testcase classname="tests.test_tenant_management.TestTenantManagement" name="test_create_tenant_duplicate_fails" time="0.312" /><testcase classname="tests.test_tenant_management.TestTenantManagement" name="test_approve_tenant" time="0.349" /><testcase classname="tests.test_tenant_management.TestTenantManagement" name="test_approve_tenant_ra_forbidden" time="0.043" /><testcase classname="tests.test_tenant_management.TestTenantManagement" name="test_suspend_tenant" time="0.437" /><testcase classname="tests.test_tenant_management.TestTenantManagement" name="test_suspend_tenant_ra_forbidden" time="0.041" /><testcase classname="tests.test_tenant_management.TestTenantManagement" name="test_reactivate_suspended_tenant" time="0.086" /><testcase classname="tests.test_tenant_management.TestUserManagement" name="test_list_users_super_admin" time="0.313" /><testcase classname="tests.test_tenant_management.TestUserManagement" name="test_list_users_ra" time="0.311" /><testcase classname="tests.test_tenant_management.TestUserManagement" name="test_list_users_unauthenticated" time="0.038" /><testcase classname="tests.test_tenant_management.TestUserManagement" name="test_toggle_user_status_deactivate" time="0.126" /><testcase classname="tests.test_tenant_management.TestUserManagement" name="test_toggle_user_status_activate" time="0.187" /><testcase classname="tests.test_tenant_management.TestUserManagement" name="test_toggle_own_status_forbidden" time="0.083" /><testcase classname="tests.test_tenant_management.TestUserManagement" name="test_toggle_status_ra_can_toggle" time="0.165" /><testcase classname="tests.test_tenant_management.TestUserManagement" name="test_toggle_super_admin_status_forbidden" time="0.083"><skipped type="pytest.skip" message="No other super_admin to test with">/app/tests/test_tenant_management.py:652: No other super_admin to test with</skipped></testcase><testcase classname="tests.test_tenant_management.TestTenantApproveReactivateBug" name="test_approve_endpoint_for_suspended_tenant" time="0.363" /></testsuite></testsuites>