<?xml version="1.0" encoding="utf-8"?><testsuites name="pytest tests"><testsuite name="pytest" errors="0" failures="0" skipped="0" tests="13" time="6.570" timestamp="2026-01-31T21:58:38.849451+00:00" hostname="agent-env-0082f424-41f9-4afe-b21a-748cf797f7b5"><testcase classname="backend.tests.test_job_notifications.TestJobNotifications" name="test_get_notifications_returns_correct_structure" time="0.391" /><testcase classname="backend.tests.test_job_notifications.TestJobNotifications" name="test_admin_has_job_application_notification" time="0.089" /><testcase classname="backend.tests.test_job_notifications.TestJobNotifications" name="test_student_has_status_change_notification" time="0.398" /><testcase classname="backend.tests.test_job_notifications.TestJobNotifications" name="test_unread_count_endpoint" time="0.047" /><testcase classname="backend.tests.test_job_notifications.TestJobNotifications" name="test_mark_notification_as_read" time="0.130" /><testcase classname="backend.tests.test_job_notifications.TestJobNotifications" name="test_mark_all_notifications_read" time="0.087" /><testcase classname="backend.tests.test_job_notifications.TestJobNotifications" name="test_status_update_creates_student_notification" time="1.181" /><testcase classname="backend.tests.test_job_notifications.TestJobNotifications" name="test_job_application_response_time" time="0.125" /><testcase classname="backend.tests.test_job_notifications.TestJobNotifications" name="test_notification_data_completeness" time="0.044" /><testcase classname="backend.tests.test_job_notifications.TestJobNotifications" name="test_pagination_works" time="0.046" /><testcase classname="backend.tests.test_job_notifications.TestNotificationStatusMessages" name="test_interview_status_message" time="1.663" /><testcase classname="backend.tests.test_job_notifications.TestNotificationStatusMessages" name="test_accepted_status_message" time="1.151" /><testcase classname="backend.tests.test_job_notifications.TestNotificationStatusMessages" name="test_rejected_status_message" time="1.128" /></testsuite></testsuites>