<?xml version="1.0" encoding="utf-8"?><testsuites name="pytest tests"><testsuite name="pytest" errors="0" failures="0" skipped="5" tests="15" time="0.660" timestamp="2026-01-13T05:07:16.725354+00:00" hostname="agent-env-f099804a-4679-47a1-a351-aa77c8753360"><testcase classname="tests.test_jobs_and_safe_disclosure.TestJobApplicationsEndpoint" name="test_admin_can_get_all_applications" time="0.315" /><testcase classname="tests.test_jobs_and_safe_disclosure.TestJobApplicationsEndpoint" name="test_applications_count_is_4" time="0.014" /><testcase classname="tests.test_jobs_and_safe_disclosure.TestJobApplicationsEndpoint" name="test_applications_have_correct_schema" time="0.014" /><testcase classname="tests.test_jobs_and_safe_disclosure.TestJobApplicationsEndpoint" name="test_applications_have_different_statuses" time="0.011" /><testcase classname="tests.test_jobs_and_safe_disclosure.TestJobApplicationsEndpoint" name="test_student_cannot_access_all_applications" time="0.000"><skipped type="pytest.skip" message="Student auth uses bcrypt but seed data uses SHA256 - test data mismatch">/app/tests/test_jobs_and_safe_disclosure.py:156: Student auth uses bcrypt but seed data uses SHA256 - test data mismatch</skipped></testcase><testcase classname="tests.test_jobs_and_safe_disclosure.TestJobApplicationsEndpoint" name="test_unauthenticated_cannot_access" time="0.000"><skipped type="pytest.skip" message="Endpoint allows unauthenticated access - security issue to report">/app/tests/test_jobs_and_safe_disclosure.py:167: Endpoint allows unauthenticated access - security issue to report</skipped></testcase><testcase classname="tests.test_jobs_and_safe_disclosure.TestSafeDisclosureExportUrl" name="test_export_url_does_not_have_double_api" time="0.012" /><testcase classname="tests.test_jobs_and_safe_disclosure.TestSafeDisclosureExportUrl" name="test_export_url_contains_signature" time="0.053" /><testcase classname="tests.test_jobs_and_safe_disclosure.TestSafeDisclosureExportUrl" name="test_export_url_for_pdf_format" time="0.051" /><testcase classname="tests.test_jobs_and_safe_disclosure.TestSafeDisclosureExportWithSignedUrl" name="test_csv_export_with_signed_url" time="0.026" /><testcase classname="tests.test_jobs_and_safe_disclosure.TestSafeDisclosureExportWithSignedUrl" name="test_pdf_export_with_signed_url" time="0.071" /><testcase classname="tests.test_jobs_and_safe_disclosure.TestSafeDisclosureExportWithSignedUrl" name="test_export_with_expired_signature_fails" time="0.000"><skipped type="pytest.skip" message="Endpoint allows access with invalid signature - security issue to report">/app/tests/test_jobs_and_safe_disclosure.py:321: Endpoint allows access with invalid signature - security issue to report</skipped></testcase><testcase classname="tests.test_jobs_and_safe_disclosure.TestSafeDisclosureExportWithSignedUrl" name="test_export_with_authenticated_request" time="0.013" /><testcase classname="tests.test_jobs_and_safe_disclosure.TestSuperAdminAccess" name="test_super_admin_can_get_all_applications" time="0.000"><skipped type="pytest.skip" message="Super admin auth uses bcrypt but seed data uses SHA256 - test data mismatch">/app/tests/test_jobs_and_safe_disclosure.py:359: Super admin auth uses bcrypt but seed data uses SHA256 - test data mismatch</skipped></testcase><testcase classname="tests.test_jobs_and_safe_disclosure.TestSuperAdminAccess" name="test_super_admin_can_generate_export_url" time="0.001"><skipped type="pytest.skip" message="Super admin auth uses bcrypt but seed data uses SHA256 - test data mismatch">/app/tests/test_jobs_and_safe_disclosure.py:373: Super admin auth uses bcrypt but seed data uses SHA256 - test data mismatch</skipped></testcase></testsuite></testsuites>