<?xml version="1.0" encoding="utf-8"?><testsuites name="pytest tests"><testsuite name="pytest" errors="0" failures="1" skipped="0" tests="19" time="5.906" timestamp="2026-01-14T03:40:15.782918+00:00" hostname="agent-env-7bb5114f-91f5-467f-b117-c292f800aaef"><testcase classname="tests.test_quadley_regression.TestAuthentication" name="test_ra_login_success" time="0.291" /><testcase classname="tests.test_quadley_regression.TestAuthentication" name="test_admin_login_success" time="0.269" /><testcase classname="tests.test_quadley_regression.TestAuthentication" name="test_login_invalid_credentials" time="0.268" /><testcase classname="tests.test_quadley_regression.TestEventsEndpoints" name="test_get_events" time="0.305" /><testcase classname="tests.test_quadley_regression.TestEventsEndpoints" name="test_create_event_with_category" time="0.306" /><testcase classname="tests.test_quadley_regression.TestAnnouncementsEndpoints" name="test_get_announcements" time="0.343" /><testcase classname="tests.test_quadley_regression.TestJobsEndpoints" name="test_get_jobs" time="0.302" /><testcase classname="tests.test_quadley_regression.TestDiningEndpoints" name="test_get_dining_menu" time="0.304" /><testcase classname="tests.test_quadley_regression.TestMaintenanceEndpoints" name="test_get_maintenance_requests" time="0.297" /><testcase classname="tests.test_quadley_regression.TestCoCurricularEndpoints" name="test_get_cocurricular_groups" time="0.299" /><testcase classname="tests.test_quadley_regression.TestFloorEndpoints" name="test_get_floor_users" time="0.304" /><testcase classname="tests.test_quadley_regression.TestFloorEndpoints" name="test_get_floor_events" time="0.296" /><testcase classname="tests.test_quadley_regression.TestSafeDisclosureEndpoints" name="test_submit_safe_disclosure" time="0.309" /><testcase classname="tests.test_quadley_regression.TestNotificationEndpoints" name="test_get_notifications" time="0.302"><failure message="assert 404 == 200&#10; +  where 404 = &lt;Response [404]&gt;.status_code">tests/test_quadley_regression.py:256: in test_get_notifications
    assert response.status_code == 200
E   assert 404 == 200
E    +  where 404 = &lt;Response [404]&gt;.status_code</failure></testcase><testcase classname="tests.test_quadley_regression.TestNotificationEndpoints" name="test_notification_preferences" time="0.297" /><testcase classname="tests.test_quadley_regression.TestDashboardEndpoints" name="test_get_dashboard" time="0.353" /><testcase classname="tests.test_quadley_regression.TestRAToolsEndpoints" name="test_ra_can_access_floor_management" time="0.316" /><testcase classname="tests.test_quadley_regression.TestRAToolsEndpoints" name="test_ra_can_create_floor_event" time="0.296" /><testcase classname="tests.test_quadley_regression.TestUserProfile" name="test_get_current_user" time="0.297" /></testsuite></testsuites>