<?xml version="1.0" encoding="utf-8"?><testsuites name="pytest tests"><testsuite name="pytest" errors="0" failures="0" skipped="0" tests="11" time="5.498" timestamp="2026-02-15T23:47:07.222312+00:00" hostname="agent-env-92a83bd1-ba66-45da-bc2e-f4b93a491bd0"><testcase classname="tests.test_contact_person.TestContactPersonUpdate" name="test_login_works" time="2.341" /><testcase classname="tests.test_contact_person.TestContactPersonUpdate" name="test_get_tenant_info" time="0.478" /><testcase classname="tests.test_contact_person.TestContactPersonUpdate" name="test_update_contact_person_success" time="0.472" /><testcase classname="tests.test_contact_person.TestContactPersonUpdate" name="test_update_contact_person_validation_empty_name" time="0.125" /><testcase classname="tests.test_contact_person.TestContactPersonUpdate" name="test_update_contact_person_validation_empty_email" time="0.164" /><testcase classname="tests.test_contact_person.TestContactPersonUpdate" name="test_update_contact_person_validation_whitespace_only" time="0.156" /><testcase classname="tests.test_contact_person.TestContactPersonUpdate" name="test_update_contact_person_missing_fields" time="0.171" /><testcase classname="tests.test_contact_person.TestContactPersonUpdate" name="test_update_contact_person_unauthorized" time="0.129" /><testcase classname="tests.test_contact_person.TestContactPersonUpdate" name="test_update_contact_person_nonexistent_tenant" time="0.177" /><testcase classname="tests.test_contact_person.TestContactPersonUpdate" name="test_verify_get_tenant_after_update" time="0.380" /><testcase classname="tests.test_contact_person.TestContactPersonAuthorization" name="test_super_admin_can_access_any_tenant" time="0.711" /></testsuite></testsuites>