<?xml version="1.0" encoding="utf-8"?><testsuites name="pytest tests"><testsuite name="pytest" errors="0" failures="10" skipped="0" tests="25" time="7.732" timestamp="2026-02-15T04:32:30.842171+00:00" hostname="agent-env-3caa6616-09a6-4cee-b9ab-09913e59e372"><testcase classname="backend.tests.test_saml_simulator.TestSAMLSimulatorAuth" name="test_tenants_unauthenticated" time="0.277" /><testcase classname="backend.tests.test_saml_simulator.TestSAMLSimulatorAuth" name="test_validate_unauthenticated" time="0.125" /><testcase classname="backend.tests.test_saml_simulator.TestSAMLSimulatorAuth" name="test_generate_response_unauthenticated" time="0.114" /><testcase classname="backend.tests.test_saml_simulator.TestSAMLSimulatorAuth" name="test_test_flow_unauthenticated" time="0.104" /><testcase classname="backend.tests.test_saml_simulator.TestSAMLSimulatorAuth" name="test_tenants_forbidden_for_tenant_admin" time="0.483" /><testcase classname="backend.tests.test_saml_simulator.TestSAMLSimulatorAuth" name="test_validate_forbidden_for_tenant_admin" time="0.411" /><testcase classname="backend.tests.test_saml_simulator.TestSAMLSimulatorAuth" name="test_generate_response_forbidden_for_tenant_admin" time="0.420" /><testcase classname="backend.tests.test_saml_simulator.TestSAMLSimulatorAuth" name="test_test_flow_forbidden_for_tenant_admin" time="0.392" /><testcase classname="backend.tests.test_saml_simulator.TestSAMLSimulatorTenants" name="test_super_admin_can_list_tenants" time="0.399" /><testcase classname="backend.tests.test_saml_simulator.TestSAMLSimulatorTenants" name="test_tenants_list_has_expected_fields" time="0.380"><failure message="assert 401 == 200&#10; +  where 401 = &lt;Response [401]&gt;.status_code">backend/tests/test_saml_simulator.py:142: in test_tenants_list_has_expected_fields
    assert response.status_code == 200
E   assert 401 == 200
E    +  where 401 = &lt;Response [401]&gt;.status_code</failure></testcase><testcase classname="backend.tests.test_saml_simulator.TestSAMLSimulatorTenants" name="test_ormd0001_has_saml_config_info" time="0.433" /><testcase classname="backend.tests.test_saml_simulator.TestSAMLSimulatorValidate" name="test_validate_nonexistent_tenant" time="0.402" /><testcase classname="backend.tests.test_saml_simulator.TestSAMLSimulatorValidate" name="test_validate_returns_checks" time="0.152"><failure message="AssertionError: Expected 200, got 401&#10;assert 401 == 200&#10; +  where 401 = &lt;Response [401]&gt;.status_code">backend/tests/test_saml_simulator.py:182: in test_validate_returns_checks
    assert response.status_code == 200, f"Expected 200, got {response.status_code}"
E   AssertionError: Expected 200, got 401
E   assert 401 == 200
E    +  where 401 = &lt;Response [401]&gt;.status_code</failure></testcase><testcase classname="backend.tests.test_saml_simulator.TestSAMLSimulatorValidate" name="test_validate_checks_structure" time="0.432" /><testcase classname="backend.tests.test_saml_simulator.TestSAMLSimulatorValidate" name="test_validate_returns_sp_metadata" time="0.464" /><testcase classname="backend.tests.test_saml_simulator.TestSAMLSimulatorGenerateResponse" name="test_generate_nonexistent_tenant" time="0.484" /><testcase classname="backend.tests.test_saml_simulator.TestSAMLSimulatorGenerateResponse" name="test_generate_returns_saml_xml" time="0.229"><failure message="AssertionError: Expected 200, got 401&#10;assert 401 == 200&#10; +  where 401 = &lt;Response [401]&gt;.status_code">backend/tests/test_saml_simulator.py:253: in test_generate_returns_saml_xml
    assert response.status_code == 200, f"Expected 200, got {response.status_code}"
E   AssertionError: Expected 200, got 401
E   assert 401 == 200
E    +  where 401 = &lt;Response [401]&gt;.status_code</failure></testcase><testcase classname="backend.tests.test_saml_simulator.TestSAMLSimulatorGenerateResponse" name="test_generate_returns_base64" time="0.177"><failure message="assert 401 == 200&#10; +  where 401 = &lt;Response [401]&gt;.status_code">backend/tests/test_saml_simulator.py:270: in test_generate_returns_base64
    assert response.status_code == 200
E   assert 401 == 200
E    +  where 401 = &lt;Response [401]&gt;.status_code</failure></testcase><testcase classname="backend.tests.test_saml_simulator.TestSAMLSimulatorGenerateResponse" name="test_generate_includes_metadata" time="0.191"><failure message="assert 401 == 200&#10; +  where 401 = &lt;Response [401]&gt;.status_code">backend/tests/test_saml_simulator.py:290: in test_generate_includes_metadata
    assert response.status_code == 200
E   assert 401 == 200
E    +  where 401 = &lt;Response [401]&gt;.status_code</failure></testcase><testcase classname="backend.tests.test_saml_simulator.TestSAMLSimulatorGenerateResponse" name="test_name_id_defaults_to_email" time="0.185"><failure message="assert 401 == 200&#10; +  where 401 = &lt;Response [401]&gt;.status_code">backend/tests/test_saml_simulator.py:307: in test_name_id_defaults_to_email
    assert response.status_code == 200
E   assert 401 == 200
E    +  where 401 = &lt;Response [401]&gt;.status_code</failure></testcase><testcase classname="backend.tests.test_saml_simulator.TestSAMLSimulatorTestFlow" name="test_flow_nonexistent_tenant" time="0.495" /><testcase classname="backend.tests.test_saml_simulator.TestSAMLSimulatorTestFlow" name="test_flow_returns_steps" time="0.203"><failure message="AssertionError: Expected 200, got 401&#10;assert 401 == 200&#10; +  where 401 = &lt;Response [401]&gt;.status_code">backend/tests/test_saml_simulator.py:345: in test_flow_returns_steps
    assert response.status_code == 200, f"Expected 200, got {response.status_code}"
E   AssertionError: Expected 200, got 401
E   assert 401 == 200
E    +  where 401 = &lt;Response [401]&gt;.status_code</failure></testcase><testcase classname="backend.tests.test_saml_simulator.TestSAMLSimulatorTestFlow" name="test_flow_steps_structure" time="0.189"><failure message="assert 401 == 200&#10; +  where 401 = &lt;Response [401]&gt;.status_code">backend/tests/test_saml_simulator.py:360: in test_flow_steps_structure
    assert response.status_code == 200
E   assert 401 == 200
E    +  where 401 = &lt;Response [401]&gt;.status_code</failure></testcase><testcase classname="backend.tests.test_saml_simulator.TestSAMLSimulatorTestFlow" name="test_flow_returns_saml_endpoints" time="0.174"><failure message="assert 401 == 200&#10; +  where 401 = &lt;Response [401]&gt;.status_code">backend/tests/test_saml_simulator.py:379: in test_flow_returns_saml_endpoints
    assert response.status_code == 200
E   assert 401 == 200
E    +  where 401 = &lt;Response [401]&gt;.status_code</failure></testcase><testcase classname="backend.tests.test_saml_simulator.TestSAMLSimulatorTestFlow" name="test_flow_returns_config_validity" time="0.207"><failure message="assert 401 == 200&#10; +  where 401 = &lt;Response [401]&gt;.status_code">backend/tests/test_saml_simulator.py:397: in test_flow_returns_config_validity
    assert response.status_code == 200
E   assert 401 == 200
E    +  where 401 = &lt;Response [401]&gt;.status_code</failure></testcase></testsuite></testsuites>