<?xml version="1.0" encoding="utf-8"?><testsuites name="pytest tests"><testsuite name="pytest" errors="0" failures="0" skipped="0" tests="19" time="6.040" timestamp="2026-02-15T04:12:32.041792+00:00" hostname="agent-env-d01d4cd8-d98c-4914-aff6-553004a9d849"><testcase classname="backend.tests.test_saml_sso_integration.TestSSOProvidersEndpoint" name="test_list_providers_returns_saml_type" time="2.319" /><testcase classname="backend.tests.test_saml_sso_integration.TestSSOProvidersEndpoint" name="test_list_providers_structure" time="0.118" /><testcase classname="backend.tests.test_saml_sso_integration.TestSAMLMetadataEndpoint" name="test_metadata_returns_xml_for_existing_tenant" time="0.127" /><testcase classname="backend.tests.test_saml_sso_integration.TestSAMLMetadataEndpoint" name="test_metadata_contains_correct_urls" time="0.118" /><testcase classname="backend.tests.test_saml_sso_integration.TestSAMLMetadataEndpoint" name="test_metadata_nonexistent_tenant_returns_404" time="0.126" /><testcase classname="backend.tests.test_saml_sso_integration.TestSSOConfigEndpoints" name="test_put_saml_config_as_super_admin" time="0.132" /><testcase classname="backend.tests.test_saml_sso_integration.TestSSOConfigEndpoints" name="test_get_sso_test_status_ready" time="0.222" /><testcase classname="backend.tests.test_saml_sso_integration.TestSSOConfigEndpoints" name="test_delete_sso_config" time="0.103" /><testcase classname="backend.tests.test_saml_sso_integration.TestSAMLLoginEndpoint" name="test_saml_login_returns_redirect" time="0.240" /><testcase classname="backend.tests.test_saml_sso_integration.TestSAMLLoginEndpoint" name="test_saml_login_unconfigured_tenant_returns_400" time="0.226" /><testcase classname="backend.tests.test_saml_sso_integration.TestSAMLACSEndpoint" name="test_acs_missing_saml_response_returns_redirect" time="0.111" /><testcase classname="backend.tests.test_saml_sso_integration.TestSAMLACSEndpoint" name="test_acs_not_501" time="0.113" /><testcase classname="backend.tests.test_saml_sso_integration.TestSAMLACSEndpoint" name="test_acs_nonexistent_tenant_returns_404" time="0.105" /><testcase classname="backend.tests.test_saml_sso_integration.TestSAMLSLOEndpoint" name="test_slo_clears_cookie_and_redirects" time="0.109" /><testcase classname="backend.tests.test_saml_sso_integration.TestAuthorizationEnforcement" name="test_student_cannot_access_sso_config" time="0.354" /><testcase classname="backend.tests.test_saml_sso_integration.TestAuthorizationEnforcement" name="test_tenant_admin_can_only_access_own_tenant" time="0.415" /><testcase classname="backend.tests.test_saml_sso_integration.TestAuthorizationEnforcement" name="test_unauthenticated_cannot_access_config" time="0.225" /><testcase classname="backend.tests.test_saml_sso_integration.TestOAuthRegressionEndpoint" name="test_oauth_login_unconfigured_returns_400" time="0.113" /><testcase classname="backend.tests.test_saml_sso_integration.TestSSOConfigTestEndpoint" name="test_sso_test_disabled_tenant" time="0.682" /></testsuite></testsuites>