<?xml version="1.0" encoding="utf-8"?><testsuites name="pytest tests"><testsuite name="pytest" errors="0" failures="0" skipped="0" tests="15" time="6.063" timestamp="2026-01-29T02:27:22.209819+00:00" hostname="agent-env-ac384ed9-e6e8-4eb2-b275-32dd9b937aab"><testcase classname="tests.test_multi_tenant_billing.TestSuperAdminAuth" name="test_super_admin_login" time="0.353" /><testcase classname="tests.test_multi_tenant_billing.TestSuperAdminAuth" name="test_super_admin_me_endpoint" time="0.314" /><testcase classname="tests.test_multi_tenant_billing.TestBillingTiers" name="test_get_billing_tiers" time="0.319" /><testcase classname="tests.test_multi_tenant_billing.TestBillingTiers" name="test_billing_tiers_requires_auth" time="0.039" /><testcase classname="tests.test_multi_tenant_billing.TestTenantManagement" name="test_list_tenants" time="0.312" /><testcase classname="tests.test_multi_tenant_billing.TestTenantManagement" name="test_create_tenant" time="0.959" /><testcase classname="tests.test_multi_tenant_billing.TestTenantManagement" name="test_get_tenant_details" time="0.084" /><testcase classname="tests.test_multi_tenant_billing.TestTenantManagement" name="test_update_tenant_modules" time="0.086" /><testcase classname="tests.test_multi_tenant_billing.TestTenantInvitations" name="test_create_invitation" time="0.359" /><testcase classname="tests.test_multi_tenant_billing.TestTenantInvitations" name="test_list_invitations" time="0.086" /><testcase classname="tests.test_multi_tenant_billing.TestTenantUsers" name="test_list_tenant_users" time="0.361" /><testcase classname="tests.test_multi_tenant_billing.TestTenantUsers" name="test_get_tenant_stats" time="0.084" /><testcase classname="tests.test_multi_tenant_billing.TestTenantSuspension" name="test_suspend_and_reactivate_tenant" time="1.370" /><testcase classname="tests.test_multi_tenant_billing.TestBillingCheckout" name="test_checkout_requires_super_admin" time="1.047" /><testcase classname="tests.test_multi_tenant_billing.TestBillingCheckout" name="test_enterprise_tier_contact_sales" time="0.083" /></testsuite></testsuites>