<?xml version="1.0" encoding="utf-8"?><testsuites name="pytest tests"><testsuite name="pytest" errors="0" failures="0" skipped="0" tests="11" time="1.830" timestamp="2026-02-01T04:54:55.672529+00:00" hostname="agent-env-9776c372-5682-4daa-b32f-e229ec24c73b"><testcase classname="backend.tests.test_subscription_tier.TestSubscriptionTierFix" name="test_list_tenants_returns_subscription_tier" time="0.403" /><testcase classname="backend.tests.test_subscription_tier.TestSubscriptionTierFix" name="test_get_tenant_returns_subscription_tier" time="0.043" /><testcase classname="backend.tests.test_subscription_tier.TestSubscriptionTierFix" name="test_murphy_shark_has_pro_tier" time="0.041" /><testcase classname="backend.tests.test_subscription_tier.TestSubscriptionTierFix" name="test_super_admin_can_update_subscription" time="0.141" /><testcase classname="backend.tests.test_subscription_tier.TestSubscriptionTierFix" name="test_subscription_tier_persists_after_update" time="0.217" /><testcase classname="backend.tests.test_subscription_tier.TestSubscriptionTierFix" name="test_tenant_admin_cannot_update_subscription" time="0.304" /><testcase classname="backend.tests.test_subscription_tier.TestSubscriptionTierFix" name="test_invalid_tier_rejected" time="0.044" /><testcase classname="backend.tests.test_subscription_tier.TestSubscriptionTierFix" name="test_custom_max_users_with_subscription" time="0.174" /><testcase classname="backend.tests.test_subscription_tier.TestSubscriptionTierFix" name="test_list_tenants_shows_correct_tier_for_murphy_shark" time="0.042" /><testcase classname="backend.tests.test_subscription_tier.TestTenantResponseFields" name="test_tenant_response_has_all_fields" time="0.304" /><testcase classname="backend.tests.test_subscription_tier.TestTenantResponseFields" name="test_list_tenants_response_has_all_fields" time="0.042" /></testsuite></testsuites>