<?xml version="1.0" encoding="utf-8"?><testsuites name="pytest tests"><testsuite name="pytest" errors="0" failures="0" skipped="0" tests="25" time="4.000" timestamp="2026-01-12T05:37:14.853920+00:00" hostname="agent-env-862b34f4-517c-4dec-b1f7-9c343a24b23c"><testcase classname="tests.test_quadley_features.TestAuth" name="test_admin_login" time="0.359" /><testcase classname="tests.test_quadley_features.TestAnnouncements" name="test_create_normal_announcement" time="0.309" /><testcase classname="tests.test_quadley_features.TestAnnouncements" name="test_create_emergency_announcement_with_is_emergency" time="0.044" /><testcase classname="tests.test_quadley_features.TestAnnouncements" name="test_create_emergency_announcement_with_emergency_field" time="0.044" /><testcase classname="tests.test_quadley_features.TestAnnouncements" name="test_get_announcements" time="0.043" /><testcase classname="tests.test_quadley_features.TestMaintenance" name="test_create_maintenance_request" time="0.309" /><testcase classname="tests.test_quadley_features.TestMaintenance" name="test_get_maintenance_requests_as_admin" time="0.081" /><testcase classname="tests.test_quadley_features.TestMaintenance" name="test_get_maintenance_requests_role_check" time="0.041" /><testcase classname="tests.test_quadley_features.TestShoutouts" name="test_create_shoutout_web_format" time="0.306" /><testcase classname="tests.test_quadley_features.TestShoutouts" name="test_create_shoutout_mobile_format" time="0.040" /><testcase classname="tests.test_quadley_features.TestShoutouts" name="test_get_shoutouts" time="0.043" /><testcase classname="tests.test_quadley_features.TestLateMealRequest" name="test_create_late_meal_request_with_dietary" time="0.307" /><testcase classname="tests.test_quadley_features.TestLateMealRequest" name="test_create_late_meal_request_without_dietary" time="0.040" /><testcase classname="tests.test_quadley_features.TestLateMealRequest" name="test_create_late_meal_request_optional_reason" time="0.043" /><testcase classname="tests.test_quadley_features.TestLateMealRequest" name="test_get_late_meal_requests" time="0.044" /><testcase classname="tests.test_quadley_features.TestJobs" name="test_create_job_with_pay_rate" time="0.308" /><testcase classname="tests.test_quadley_features.TestJobs" name="test_create_job_without_pay_rate" time="0.039" /><testcase classname="tests.test_quadley_features.TestJobs" name="test_get_jobs" time="0.042" /><testcase classname="tests.test_quadley_features.TestAnnualDisclosureReport" name="test_get_available_annual_reports" time="0.343" /><testcase classname="tests.test_quadley_features.TestAnnualDisclosureReport" name="test_get_annual_report_for_year" time="0.039" /><testcase classname="tests.test_quadley_features.TestAnnualDisclosureReport" name="test_annual_report_unauthorized_for_non_admin" time="0.313" /><testcase classname="tests.test_quadley_features.TestSafeDisclosures" name="test_create_safe_disclosure" time="0.299" /><testcase classname="tests.test_quadley_features.TestSafeDisclosures" name="test_get_safe_disclosures" time="0.039" /><testcase classname="tests.test_quadley_features.TestSafeDisclosures" name="test_get_disclosure_stats" time="0.036" /><testcase classname="tests.test_quadley_features.TestDiningMenu" name="test_get_menu" time="0.341" /></testsuite></testsuites>