<?xml version="1.0" encoding="utf-8"?><testsuites name="pytest tests"><testsuite name="pytest" errors="0" failures="0" skipped="0" tests="12" time="3.633" timestamp="2026-01-31T21:47:31.147275+00:00" hostname="agent-env-0082f424-41f9-4afe-b21a-748cf797f7b5"><testcase classname="tests.test_session_performance.TestLoginPerformance" name="test_ormond_student_login_performance" time="0.343" /><testcase classname="tests.test_session_performance.TestLoginPerformance" name="test_murphy_student_login_performance" time="0.273" /><testcase classname="tests.test_session_performance.TestLoginPerformance" name="test_super_admin_login_performance" time="0.269" /><testcase classname="tests.test_session_performance.TestAuthMeEndpoint" name="test_auth_me_ormond_student" time="0.311" /><testcase classname="tests.test_session_performance.TestAuthMeEndpoint" name="test_auth_me_murphy_student" time="0.312" /><testcase classname="tests.test_session_performance.TestAuthMeEndpoint" name="test_auth_me_super_admin" time="0.315" /><testcase classname="tests.test_session_performance.TestAuthMeEndpoint" name="test_auth_me_invalid_token" time="0.045" /><testcase classname="tests.test_session_performance.TestJobsTenantIsolation" name="test_ormond_sees_ormond_jobs" time="0.315" /><testcase classname="tests.test_session_performance.TestJobsTenantIsolation" name="test_murphy_sees_murphy_jobs" time="0.311" /><testcase classname="tests.test_session_performance.TestJobsTenantIsolation" name="test_cross_tenant_isolation" time="0.628" /><testcase classname="tests.test_session_performance.TestTokenExpiration" name="test_token_contains_correct_expiration" time="0.288" /><testcase classname="tests.test_session_performance.TestJobsEndpointWithoutAuth" name="test_jobs_requires_auth" time="0.040" /></testsuite></testsuites>