<?xml version="1.0" encoding="utf-8"?><testsuites name="pytest tests"><testsuite name="pytest" errors="0" failures="0" skipped="0" tests="34" time="6.532" timestamp="2026-02-15T03:55:54.478669+00:00" hostname="agent-env-d01d4cd8-d98c-4914-aff6-553004a9d849"><testcase classname="tests.test_owasp_security.TestCSVSanitizationUtility" name="test_sanitize_field_equals" time="0.448" /><testcase classname="tests.test_owasp_security.TestCSVSanitizationUtility" name="test_sanitize_field_plus" time="0.000" /><testcase classname="tests.test_owasp_security.TestCSVSanitizationUtility" name="test_sanitize_field_minus" time="0.000" /><testcase classname="tests.test_owasp_security.TestCSVSanitizationUtility" name="test_sanitize_field_at" time="0.000" /><testcase classname="tests.test_owasp_security.TestDiningCSVExport" name="test_export_csv_no_auth" time="0.110" /><testcase classname="tests.test_owasp_security.TestDiningCSVExport" name="test_export_csv_student_forbidden" time="0.431" /><testcase classname="tests.test_owasp_security.TestDiningCSVExport" name="test_export_csv_admin_success" time="0.100" /><testcase classname="tests.test_owasp_security.TestDiningCSVExport" name="test_export_csv_has_sanitize_import" time="0.259" /><testcase classname="tests.test_owasp_security.TestEventsCSVExport" name="test_export_csv_no_auth" time="0.109" /><testcase classname="tests.test_owasp_security.TestEventsCSVExport" name="test_export_csv_student_forbidden" time="0.123" /><testcase classname="tests.test_owasp_security.TestEventsCSVExport" name="test_export_csv_admin_success" time="0.101" /><testcase classname="tests.test_owasp_security.TestEventsCSVExport" name="test_export_csv_content_structure" time="0.107" /><testcase classname="tests.test_owasp_security.TestSafeDisclosureCSVExport" name="test_export_csv_no_auth" time="0.133" /><testcase classname="tests.test_owasp_security.TestSafeDisclosureCSVExport" name="test_export_csv_student_forbidden" time="0.115" /><testcase classname="tests.test_owasp_security.TestSafeDisclosureCSVExport" name="test_export_csv_admin_success" time="0.453" /><testcase classname="tests.test_owasp_security.TestSafeDisclosureCSVExport" name="test_export_csv_content_sanitized" time="0.194" /><testcase classname="tests.test_owasp_security.TestCORSConfiguration" name="test_cors_allowed_origin" time="0.071" /><testcase classname="tests.test_owasp_security.TestCORSConfiguration" name="test_cors_backend_config_correct" time="0.000" /><testcase classname="tests.test_owasp_security.TestAuthEnforcement" name="test_security_alerts_no_auth" time="0.108" /><testcase classname="tests.test_owasp_security.TestAuthEnforcement" name="test_security_alerts_student_forbidden" time="0.103" /><testcase classname="tests.test_owasp_security.TestAuthEnforcement" name="test_security_alerts_admin_allowed" time="0.108" /><testcase classname="tests.test_owasp_security.TestAuthEnforcement" name="test_security_stats_admin" time="0.144" /><testcase classname="tests.test_owasp_security.TestAuthEnforcement" name="test_security_settings_tenant_admin_read" time="0.117" /><testcase classname="tests.test_owasp_security.TestAuthEnforcement" name="test_security_settings_tenant_admin_write_forbidden" time="0.103" /><testcase classname="tests.test_owasp_security.TestAuthEnforcement" name="test_login_history_super_admin_only" time="0.274" /><testcase classname="tests.test_owasp_security.TestLoginFlow" name="test_login_super_admin_success" time="0.333" /><testcase classname="tests.test_owasp_security.TestLoginFlow" name="test_login_tenant_admin_success" time="0.342" /><testcase classname="tests.test_owasp_security.TestLoginFlow" name="test_login_student_success" time="0.338" /><testcase classname="tests.test_owasp_security.TestLoginFlow" name="test_login_invalid_credentials" time="1.052" /><testcase classname="tests.test_owasp_security.TestIPAnomalyRegression" name="test_alerts_stats_structure" time="0.212" /><testcase classname="tests.test_owasp_security.TestIPAnomalyRegression" name="test_alerts_list_pagination" time="0.102" /><testcase classname="tests.test_owasp_security.TestIPAnomalyRegression" name="test_alerts_filter_by_severity" time="0.106" /><testcase classname="tests.test_owasp_security.TestIPAnomalyRegression" name="test_alerts_filter_by_type" time="0.127" /><testcase classname="tests.test_owasp_security.TestIPAnomalyRegression" name="test_settings_keys" time="0.116" /></testsuite></testsuites>