<?xml version="1.0" encoding="utf-8"?><testsuites name="pytest tests"><testsuite name="pytest" errors="0" failures="0" skipped="0" tests="16" time="5.603" timestamp="2026-02-02T00:39:46.389984+00:00" hostname="agent-env-f94faefa-9340-4fe6-9b78-ceaa16a0118c"><testcase classname="backend.tests.test_events_csv_safe_disclosures.TestEventsCSVTemplate" name="test_csv_templates_endpoint_returns_events_template" time="0.345" /><testcase classname="backend.tests.test_events_csv_safe_disclosures.TestEventsCSVTemplate" name="test_events_template_has_separate_date_and_time_columns" time="0.286" /><testcase classname="backend.tests.test_events_csv_safe_disclosures.TestEventsCSVTemplate" name="test_events_template_example_rows_have_separate_date_time" time="0.293" /><testcase classname="backend.tests.test_events_csv_safe_disclosures.TestEventsCSVTemplate" name="test_events_template_notes_mention_date_time_formats" time="0.289" /><testcase classname="backend.tests.test_events_csv_safe_disclosures.TestEventsBulkUploadSeparateDateTime" name="test_bulk_upload_with_separate_date_time_columns" time="0.330" /><testcase classname="backend.tests.test_events_csv_safe_disclosures.TestEventsBulkUploadSeparateDateTime" name="test_bulk_upload_with_dd_mm_yyyy_date_format" time="0.310" /><testcase classname="backend.tests.test_events_csv_safe_disclosures.TestEventsBulkUploadSeparateDateTime" name="test_bulk_upload_with_24_hour_time_format" time="0.302" /><testcase classname="backend.tests.test_events_csv_safe_disclosures.TestEventsBulkUploadSeparateDateTime" name="test_bulk_upload_defaults_time_when_missing" time="0.303" /><testcase classname="backend.tests.test_events_csv_safe_disclosures.TestSafeDisclosuresAdminList" name="test_admin_can_list_all_disclosures" time="0.268" /><testcase classname="backend.tests.test_events_csv_safe_disclosures.TestSafeDisclosuresAdminList" name="test_disclosures_list_returns_expected_fields" time="0.277" /><testcase classname="backend.tests.test_events_csv_safe_disclosures.TestSafeDisclosuresStats" name="test_admin_can_get_disclosure_stats" time="0.274" /><testcase classname="backend.tests.test_events_csv_safe_disclosures.TestSafeDisclosuresManagement" name="test_risk_assessment_endpoint" time="0.289" /><testcase classname="backend.tests.test_events_csv_safe_disclosures.TestSafeDisclosuresManagement" name="test_support_plan_endpoint" time="0.291" /><testcase classname="backend.tests.test_events_csv_safe_disclosures.TestSafeDisclosuresManagement" name="test_resolve_endpoint" time="0.355" /><testcase classname="backend.tests.test_events_csv_safe_disclosures.TestSafeDisclosuresManagement" name="test_forward_endpoint" time="0.525" /><testcase classname="backend.tests.test_events_csv_safe_disclosures.TestSafeDisclosuresStatusUpdate" name="test_status_update_endpoint" time="0.781" /></testsuite></testsuites>