<?xml version="1.0" encoding="utf-8"?><testsuites name="pytest tests"><testsuite name="pytest" errors="0" failures="0" skipped="0" tests="14" time="5.575" timestamp="2026-02-15T21:36:24.891499+00:00" hostname="agent-env-b027be5c-6929-40c2-a65f-f20644a45b62"><testcase classname="tests.test_p0_email_change.TestRequestEmailChange" name="test_request_email_change_success" time="1.411" /><testcase classname="tests.test_p0_email_change.TestRequestEmailChange" name="test_request_email_change_wrong_password" time="0.293" /><testcase classname="tests.test_p0_email_change.TestRequestEmailChange" name="test_request_email_change_same_email" time="0.307" /><testcase classname="tests.test_p0_email_change.TestRequestEmailChange" name="test_request_email_change_email_already_in_use" time="0.303" /><testcase classname="tests.test_p0_email_change.TestRequestEmailChange" name="test_request_email_change_missing_fields" time="0.128" /><testcase classname="tests.test_p0_email_change.TestRequestEmailChange" name="test_request_email_change_invalid_email_format" time="0.095" /><testcase classname="tests.test_p0_email_change.TestVerifyEmailChange" name="test_verify_email_change_wrong_code" time="0.084" /><testcase classname="tests.test_p0_email_change.TestVerifyEmailChange" name="test_verify_email_change_no_pending_request" time="0.108" /><testcase classname="tests.test_p0_email_change.TestVerifyEmailChange" name="test_verify_email_change_missing_code" time="0.100" /><testcase classname="tests.test_p0_email_change.TestEmailChangeFullFlow" name="test_full_email_change_flow" time="2.094" /><testcase classname="tests.test_p0_email_change.TestEmailSenderFallback" name="test_sender_email_fallback" time="0.001" /><testcase classname="tests.test_p0_email_change.TestInvitationExists" name="test_invitation_for_thefinks" time="0.010" /><testcase classname="tests.test_p0_email_change.TestUnauthorizedAccess" name="test_request_email_change_unauthorized" time="0.176" /><testcase classname="tests.test_p0_email_change.TestUnauthorizedAccess" name="test_verify_email_change_unauthorized" time="0.158" /></testsuite></testsuites>