<?xml version="1.0" encoding="utf-8"?><testsuites name="pytest tests"><testsuite name="pytest" errors="0" failures="0" skipped="0" tests="22" time="5.955" timestamp="2026-02-17T04:21:59.955702+00:00" hostname="agent-env-5fb7e4ca-de12-428e-92c8-1fbbdcaca44c"><testcase classname="tests.test_security_events_api.TestSecurityEndpointsAuth" name="test_health_check" time="0.344" /><testcase classname="tests.test_security_events_api.TestSecurityEndpointsAuth" name="test_security_events_requires_auth" time="0.227" /><testcase classname="tests.test_security_events_api.TestSecurityEndpointsAuth" name="test_security_metrics_requires_auth" time="0.164" /><testcase classname="tests.test_security_events_api.TestSecurityEndpointsAuth" name="test_security_failed_logins_requires_auth" time="0.129" /><testcase classname="tests.test_security_events_api.TestSecurityEndpointsAuth" name="test_security_event_types_requires_auth" time="0.115" /><testcase classname="tests.test_security_events_api.TestSecurityEndpointsAuth" name="test_security_locked_accounts_requires_auth" time="0.137" /><testcase classname="tests.test_security_events_api.TestSuperAdminTenantIsolation" name="test_super_admin_login_works" time="0.411" /><testcase classname="tests.test_security_events_api.TestSuperAdminTenantIsolation" name="test_security_events_tenant_isolation" time="0.123" /><testcase classname="tests.test_security_events_api.TestSuperAdminTenantIsolation" name="test_security_metrics_tenant_isolation" time="0.111" /><testcase classname="tests.test_security_events_api.TestSuperAdminTenantIsolation" name="test_security_failed_logins_tenant_isolation" time="0.105" /><testcase classname="tests.test_security_events_api.TestSuperAdminTenantIsolation" name="test_security_event_types_tenant_isolation" time="0.112" /><testcase classname="tests.test_security_events_api.TestSuperAdminTenantIsolation" name="test_security_locked_accounts_tenant_isolation" time="0.149" /><testcase classname="tests.test_security_events_api.TestSecurityReportEndpoint" name="test_security_report_requires_auth" time="0.198" /><testcase classname="tests.test_security_events_api.TestSecurityReportEndpoint" name="test_security_report_tenant_isolation" time="0.843" /><testcase classname="tests.test_security_events_api.TestSecurityUnlockAccountEndpoint" name="test_unlock_account_requires_auth" time="0.115" /><testcase classname="tests.test_security_events_api.TestSecurityUnlockAccountEndpoint" name="test_unlock_account_tenant_isolation" time="0.539" /><testcase classname="tests.test_security_events_api.TestLoginRateLimiting" name="test_login_endpoint_exists" time="0.379" /><testcase classname="tests.test_security_events_api.TestLoginRateLimiting" name="test_login_invalid_credentials_rejected" time="0.399" /><testcase classname="tests.test_security_events_api.TestLoginRateLimiting" name="test_login_success_with_valid_credentials" time="0.340" /><testcase classname="tests.test_security_events_api.TestSecurityRouterIntegration" name="test_security_prefix_correct" time="0.691" /><testcase classname="tests.test_security_events_api.TestSecurityRouterIntegration" name="test_security_report_route_exists" time="0.152" /><testcase classname="tests.test_security_events_api.TestSecurityRouterIntegration" name="test_security_unlock_route_exists" time="0.101" /></testsuite></testsuites>