<?xml version="1.0" encoding="utf-8"?><testsuites name="pytest tests"><testsuite name="pytest" errors="0" failures="0" skipped="0" tests="27" time="7.341" timestamp="2026-02-17T04:11:50.444301+00:00" hostname="agent-env-5fb7e4ca-de12-428e-92c8-1fbbdcaca44c"><testcase classname="backend.tests.test_owasp_a01_final_batch.TestBackendHealth" name="test_ping_endpoint" time="0.326" /><testcase classname="backend.tests.test_owasp_a01_final_batch.TestBackendHealth" name="test_health_db_endpoint" time="0.400" /><testcase classname="backend.tests.test_owasp_a01_final_batch.TestAuthenticationEndpoints" name="test_super_admin_login_success" time="0.426" /><testcase classname="backend.tests.test_owasp_a01_final_batch.TestAuthenticationEndpoints" name="test_invalid_login_rejected" time="0.367" /><testcase classname="backend.tests.test_owasp_a01_final_batch.TestAnalyticsEndpointsTenantIsolation" name="test_analytics_student_usage_requires_tenant" time="0.649" /><testcase classname="backend.tests.test_owasp_a01_final_batch.TestAnalyticsEndpointsTenantIsolation" name="test_analytics_gender_violence_report_requires_tenant" time="0.110" /><testcase classname="backend.tests.test_owasp_a01_final_batch.TestAnalyticsEndpointsTenantIsolation" name="test_analytics_engagement_trends_requires_tenant" time="0.183" /><testcase classname="backend.tests.test_owasp_a01_final_batch.TestDashboardEndpointsTenantIsolation" name="test_dashboard_main_requires_tenant" time="0.485" /><testcase classname="backend.tests.test_owasp_a01_final_batch.TestDashboardEndpointsTenantIsolation" name="test_dashboard_reports_requires_tenant" time="0.178" /><testcase classname="backend.tests.test_owasp_a01_final_batch.TestDashboardEndpointsTenantIsolation" name="test_dashboard_export_users_requires_tenant" time="0.109" /><testcase classname="backend.tests.test_owasp_a01_final_batch.TestDashboardEndpointsTenantIsolation" name="test_dashboard_admin_requires_tenant" time="0.211" /><testcase classname="backend.tests.test_owasp_a01_final_batch.TestNotificationsEndpointsTenantIsolation" name="test_notifications_list_requires_tenant" time="0.569" /><testcase classname="backend.tests.test_owasp_a01_final_batch.TestNotificationsEndpointsTenantIsolation" name="test_notifications_unread_count_requires_tenant" time="0.164" /><testcase classname="backend.tests.test_owasp_a01_final_batch.TestNotificationsEndpointsTenantIsolation" name="test_notifications_read_all_requires_tenant" time="0.782" /><testcase classname="backend.tests.test_owasp_a01_final_batch.TestNotificationsEndpointsTenantIsolation" name="test_notifications_register_device_requires_tenant" time="0.133" /><testcase classname="backend.tests.test_owasp_a01_final_batch.TestNotificationsEndpointsTenantIsolation" name="test_notifications_preferences_requires_tenant" time="0.203" /><testcase classname="backend.tests.test_owasp_a01_final_batch.TestNotificationsEndpointsTenantIsolation" name="test_notifications_send_requires_tenant" time="0.200" /><testcase classname="backend.tests.test_owasp_a01_final_batch.TestStudentReportsEndpointsTenantIsolation" name="test_student_reports_search_requires_tenant" time="0.581" /><testcase classname="backend.tests.test_owasp_a01_final_batch.TestStudentReportsEndpointsTenantIsolation" name="test_student_reports_student_detail_requires_tenant" time="0.110" /><testcase classname="backend.tests.test_owasp_a01_final_batch.TestStudentReportsEndpointsTenantIsolation" name="test_student_reports_activity_types_requires_tenant" time="0.099" /><testcase classname="backend.tests.test_owasp_a01_final_batch.TestStudentReportsEndpointsTenantIsolation" name="test_student_reports_years_requires_tenant" time="0.109" /><testcase classname="backend.tests.test_owasp_a01_final_batch.TestStudentReportsEndpointsTenantIsolation" name="test_student_reports_floors_requires_tenant" time="0.166" /><testcase classname="backend.tests.test_owasp_a01_final_batch.TestStudentReportsEndpointsTenantIsolation" name="test_student_reports_csv_export_requires_tenant" time="0.136" /><testcase classname="backend.tests.test_owasp_a01_final_batch.TestUnauthenticatedAccessBlocked" name="test_dashboard_unauthenticated" time="0.172" /><testcase classname="backend.tests.test_owasp_a01_final_batch.TestUnauthenticatedAccessBlocked" name="test_analytics_unauthenticated" time="0.175" /><testcase classname="backend.tests.test_owasp_a01_final_batch.TestUnauthenticatedAccessBlocked" name="test_notifications_unauthenticated" time="0.114" /><testcase classname="backend.tests.test_owasp_a01_final_batch.TestUnauthenticatedAccessBlocked" name="test_student_reports_unauthenticated" time="0.099" /></testsuite></testsuites>