<?xml version="1.0" encoding="utf-8"?><testsuites name="pytest tests"><testsuite name="pytest" errors="0" failures="0" skipped="0" tests="16" time="3.904" timestamp="2026-02-15T02:28:06.464014+00:00" hostname="agent-env-2bd449ca-0636-4ff6-9d93-d089ce2358ca"><testcase classname="backend.tests.test_privacy_dashboard.TestPrivacyStatusEndpoint" name="test_status_requires_authentication" time="0.714" /><testcase classname="backend.tests.test_privacy_dashboard.TestPrivacyStatusEndpoint" name="test_status_forbidden_for_students" time="0.443" /><testcase classname="backend.tests.test_privacy_dashboard.TestPrivacyStatusEndpoint" name="test_status_success_super_admin" time="0.422" /><testcase classname="backend.tests.test_privacy_dashboard.TestPrivacyStatusEndpoint" name="test_status_success_tenant_admin" time="0.437" /><testcase classname="backend.tests.test_privacy_dashboard.TestPrivacyFieldsEndpoint" name="test_fields_requires_authentication" time="0.115" /><testcase classname="backend.tests.test_privacy_dashboard.TestPrivacyFieldsEndpoint" name="test_fields_forbidden_for_students" time="0.064" /><testcase classname="backend.tests.test_privacy_dashboard.TestPrivacyFieldsEndpoint" name="test_fields_returns_pii_inventory" time="0.054" /><testcase classname="backend.tests.test_privacy_dashboard.TestPrivacyMigrateEndpoint" name="test_migrate_requires_authentication" time="0.663" /><testcase classname="backend.tests.test_privacy_dashboard.TestPrivacyMigrateEndpoint" name="test_migrate_forbidden_for_students" time="0.097" /><testcase classname="backend.tests.test_privacy_dashboard.TestPrivacyMigrateEndpoint" name="test_migrate_dry_run_super_admin" time="0.066" /><testcase classname="backend.tests.test_privacy_dashboard.TestPrivacyMigrateEndpoint" name="test_migrate_dry_run_tenant_admin" time="0.056" /><testcase classname="backend.tests.test_privacy_dashboard.TestPrivacyMigrateEndpoint" name="test_migrate_actual_super_admin" time="0.061" /><testcase classname="backend.tests.test_privacy_dashboard.TestPrivacyAuditLogEndpoint" name="test_audit_log_requires_authentication" time="0.103" /><testcase classname="backend.tests.test_privacy_dashboard.TestPrivacyAuditLogEndpoint" name="test_audit_log_forbidden_for_students" time="0.072" /><testcase classname="backend.tests.test_privacy_dashboard.TestPrivacyAuditLogEndpoint" name="test_audit_log_returns_history" time="0.063" /><testcase classname="backend.tests.test_privacy_dashboard.TestPrivacyEndpointsIntegration" name="test_full_workflow" time="0.376" /></testsuite></testsuites>