<?xml version="1.0" encoding="utf-8"?><testsuites name="pytest tests"><testsuite name="pytest" errors="0" failures="0" skipped="0" tests="25" time="8.416" timestamp="2026-02-20T00:55:52.149331+00:00" hostname="agent-env-c8e58de0-2d1f-430f-acfe-6cdfdf02e59c"><testcase classname="backend.tests.test_security_hardening.TestOpenAPIDocsDisabled" name="test_openapi_json_not_exposed" time="0.138" /><testcase classname="backend.tests.test_security_hardening.TestOpenAPIDocsDisabled" name="test_docs_endpoint_disabled" time="0.101" /><testcase classname="backend.tests.test_security_hardening.TestOpenAPIDocsDisabled" name="test_redoc_endpoint_disabled" time="0.145" /><testcase classname="backend.tests.test_security_hardening.TestAuthRequiredEndpoints" name="test_health_db_requires_auth" time="0.196" /><testcase classname="backend.tests.test_security_hardening.TestAuthRequiredEndpoints" name="test_warmup_requires_auth" time="0.163" /><testcase classname="backend.tests.test_security_hardening.TestAuthRequiredEndpoints" name="test_ping_remains_public" time="0.111" /><testcase classname="backend.tests.test_security_hardening.TestProtectedEndpoints" name="test_admin_stats_requires_auth" time="0.141" /><testcase classname="backend.tests.test_security_hardening.TestProtectedEndpoints" name="test_users_list_requires_auth" time="0.188" /><testcase classname="backend.tests.test_security_hardening.TestProtectedEndpoints" name="test_protected_with_invalid_token" time="0.126" /><testcase classname="backend.tests.test_security_hardening.TestComplianceEndpoints" name="test_compliance_status_public" time="0.130" /><testcase classname="backend.tests.test_security_hardening.TestComplianceEndpoints" name="test_encryption_status_public" time="0.115" /><testcase classname="backend.tests.test_security_hardening.TestComplianceEndpoints" name="test_token_security_no_secret_length" time="0.137" /><testcase classname="backend.tests.test_security_hardening.TestComplianceEndpoints" name="test_session_policy_has_lockout_info" time="0.121" /><testcase classname="backend.tests.test_security_hardening.TestComplianceEndpoints" name="test_data_portability_endpoint" time="0.137" /><testcase classname="backend.tests.test_security_hardening.TestComplianceEndpoints" name="test_account_lockout_policy_endpoint" time="0.216" /><testcase classname="backend.tests.test_security_hardening.TestComplianceEndpoints" name="test_consent_mechanism_gdpr_compliant" time="0.135" /><testcase classname="backend.tests.test_security_hardening.TestComplianceEndpoints" name="test_pii_inventory_has_dpia" time="0.138" /><testcase classname="backend.tests.test_security_hardening.TestComplianceEndpoints" name="test_privacy_notice_accessibility" time="0.169" /><testcase classname="backend.tests.test_security_hardening.TestSecurityHeaders" name="test_all_security_headers_present" time="0.119" /><testcase classname="backend.tests.test_security_hardening.TestSecurityHeaders" name="test_csp_header_present" time="0.117" /><testcase classname="backend.tests.test_security_hardening.TestLoginAndAuth" name="test_legitimate_user_can_login" time="0.374" /><testcase classname="backend.tests.test_security_hardening.TestAccountLockoutThreshold" name="test_account_lockout_after_3_attempts" time="4.220" /><testcase classname="backend.tests.test_security_hardening.TestRateLimiting" name="test_login_rate_limiting" time="0.129" /><testcase classname="backend.tests.test_security_hardening.TestAuthenticatedEndpoints" name="test_warmup_with_auth" time="0.629" /><testcase classname="backend.tests.test_security_hardening.TestAuthenticatedEndpoints" name="test_health_db_with_admin_auth" time="0.154" /></testsuite></testsuites>