<?xml version="1.0" encoding="utf-8"?><testsuites name="pytest tests"><testsuite name="pytest" errors="0" failures="0" skipped="0" tests="15" time="1.882" timestamp="2026-02-26T01:23:02.122597+00:00" hostname="agent-env-8ebd362d-d255-41ee-9fc6-904856bf5130"><testcase classname="tests.test_security_audit_fixes.TestTenantIsolation" name="test_users_list_requires_admin_role" time="0.593" /><testcase classname="tests.test_security_audit_fixes.TestTenantIsolation" name="test_gdpr_data_export_uses_tenant_db" time="0.103" /><testcase classname="tests.test_security_audit_fixes.TestTenantIsolation" name="test_gdpr_account_deletion_info" time="0.061" /><testcase classname="tests.test_security_audit_fixes.TestTenantIsolation" name="test_consent_get_uses_tenant_db" time="0.065" /><testcase classname="tests.test_security_audit_fixes.TestTenantIsolation" name="test_consent_post_uses_tenant_db" time="0.086" /><testcase classname="tests.test_security_audit_fixes.TestSSORemoval" name="test_sso_config_endpoint_returns_404" time="0.054" /><testcase classname="tests.test_security_audit_fixes.TestSSORemoval" name="test_sso_login_endpoint_returns_404" time="0.054" /><testcase classname="tests.test_security_audit_fixes.TestSSORemoval" name="test_saml_callback_endpoint_returns_404" time="0.068" /><testcase classname="tests.test_security_audit_fixes.TestNoSQLInjectionPrevention" name="test_admin_search_handles_special_chars" time="0.327" /><testcase classname="tests.test_security_audit_fixes.TestNoSQLInjectionPrevention" name="test_users_list_search_handles_special_chars" time="0.059" /><testcase classname="tests.test_security_audit_fixes.TestEncryptionFailClosed" name="test_encrypt_field_raises_without_key" time="0.009" /><testcase classname="tests.test_security_audit_fixes.TestEncryptionFailClosed" name="test_download_secret_is_set" time="0.000" /><testcase classname="tests.test_security_audit_fixes.TestEncryptionFailClosed" name="test_safe_disclosure_module_loads_with_secret" time="0.176" /><testcase classname="tests.test_security_audit_fixes.TestSafeDisclosureForwarding" name="test_forward_requires_allowed_domains" time="0.061" /><testcase classname="tests.test_security_audit_fixes.TestHealthCheck" name="test_health_endpoint_returns_200" time="0.059" /></testsuite></testsuites>