<?xml version="1.0" encoding="utf-8"?><testsuites name="pytest tests"><testsuite name="pytest" errors="0" failures="0" skipped="0" tests="15" time="1.094" timestamp="2026-01-21T01:30:08.855622+00:00" hostname="agent-env-e830e52a-6e57-4202-aa02-641c4a43ce18"><testcase classname="tests.test_csv_templates_and_bulk_import.TestCSVTemplatesAndBulkImport" name="test_csv_templates_endpoint_returns_200" time="0.352" /><testcase classname="tests.test_csv_templates_and_bulk_import.TestCSVTemplatesAndBulkImport" name="test_csv_templates_contains_users_template" time="0.045" /><testcase classname="tests.test_csv_templates_and_bulk_import.TestCSVTemplatesAndBulkImport" name="test_csv_templates_contains_dining_menu_template" time="0.042" /><testcase classname="tests.test_csv_templates_and_bulk_import.TestCSVTemplatesAndBulkImport" name="test_csv_templates_contains_events_template" time="0.039" /><testcase classname="tests.test_csv_templates_and_bulk_import.TestCSVTemplatesAndBulkImport" name="test_csv_templates_requires_auth" time="0.037" /><testcase classname="tests.test_csv_templates_and_bulk_import.TestCSVTemplatesAndBulkImport" name="test_bulk_upload_menu_success" time="0.051" /><testcase classname="tests.test_csv_templates_and_bulk_import.TestCSVTemplatesAndBulkImport" name="test_bulk_upload_menu_invalid_meal_type" time="0.052" /><testcase classname="tests.test_csv_templates_and_bulk_import.TestCSVTemplatesAndBulkImport" name="test_bulk_upload_menu_missing_required_fields" time="0.036" /><testcase classname="tests.test_csv_templates_and_bulk_import.TestCSVTemplatesAndBulkImport" name="test_bulk_upload_menu_requires_csv_file" time="0.047" /><testcase classname="tests.test_csv_templates_and_bulk_import.TestCSVTemplatesAndBulkImport" name="test_bulk_upload_menu_requires_auth" time="0.040" /><testcase classname="tests.test_csv_templates_and_bulk_import.TestCSVTemplatesAndBulkImport" name="test_clear_menu_for_date_success" time="0.077" /><testcase classname="tests.test_csv_templates_and_bulk_import.TestCSVTemplatesAndBulkImport" name="test_clear_menu_for_date_no_items" time="0.037" /><testcase classname="tests.test_csv_templates_and_bulk_import.TestCSVTemplatesAndBulkImport" name="test_clear_menu_for_date_requires_admin" time="0.039" /><testcase classname="tests.test_csv_templates_and_bulk_import.TestCSVTemplatesAndBulkImport" name="test_clear_menu_for_date_requires_auth" time="0.037" /><testcase classname="tests.test_csv_templates_and_bulk_import.TestCSVTemplatesAndBulkImport" name="test_cleanup_test_menu_items" time="0.040" /></testsuite></testsuites>