<?xml version="1.0" encoding="utf-8"?><testsuites name="pytest tests"><testsuite name="pytest" errors="0" failures="0" skipped="0" tests="25" time="8.826" timestamp="2026-02-01T04:44:57.270834+00:00" hostname="agent-env-9776c372-5682-4daa-b32f-e229ec24c73b"><testcase classname="backend.tests.test_tenant_isolation_activities.TestAuthentication" name="test_murphy_shark_admin_login" time="0.381" /><testcase classname="backend.tests.test_tenant_isolation_activities.TestAuthentication" name="test_murphy_shark_student_login" time="0.342" /><testcase classname="backend.tests.test_tenant_isolation_activities.TestAuthentication" name="test_ormond_admin_login" time="0.314" /><testcase classname="backend.tests.test_tenant_isolation_activities.TestAuthentication" name="test_super_admin_login" time="0.342" /><testcase classname="backend.tests.test_tenant_isolation_activities.TestUserSearchTenantIsolation" name="test_murphy_shark_admin_search_returns_murphy_users" time="0.331" /><testcase classname="backend.tests.test_tenant_isolation_activities.TestUserSearchTenantIsolation" name="test_murphy_shark_admin_search_with_query" time="0.316" /><testcase classname="backend.tests.test_tenant_isolation_activities.TestUserSearchTenantIsolation" name="test_ormond_admin_search_returns_ormond_users" time="0.314" /><testcase classname="backend.tests.test_tenant_isolation_activities.TestUserSearchTenantIsolation" name="test_ormond_admin_search_with_query" time="0.319" /><testcase classname="backend.tests.test_tenant_isolation_activities.TestUserSearchTenantIsolation" name="test_cross_tenant_isolation_murphy_cannot_see_ormond" time="0.359" /><testcase classname="backend.tests.test_tenant_isolation_activities.TestConversationsEndpoint" name="test_murphy_shark_admin_conversations" time="0.315" /><testcase classname="backend.tests.test_tenant_isolation_activities.TestConversationsEndpoint" name="test_murphy_shark_student_conversations" time="0.318" /><testcase classname="backend.tests.test_tenant_isolation_activities.TestConversationsEndpoint" name="test_ormond_admin_conversations" time="0.316" /><testcase classname="backend.tests.test_tenant_isolation_activities.TestActivityCRUD" name="test_get_activities_murphy_shark" time="0.312" /><testcase classname="backend.tests.test_tenant_isolation_activities.TestActivityCRUD" name="test_get_activities_ormond" time="0.312" /><testcase classname="backend.tests.test_tenant_isolation_activities.TestActivityCRUD" name="test_create_activity_murphy_shark_admin" time="0.355" /><testcase classname="backend.tests.test_tenant_isolation_activities.TestActivityCRUD" name="test_create_activity_invalid_type" time="0.329" /><testcase classname="backend.tests.test_tenant_isolation_activities.TestActivityCRUD" name="test_update_activity_murphy_shark_admin" time="0.398" /><testcase classname="backend.tests.test_tenant_isolation_activities.TestActivityCRUD" name="test_delete_activity_no_members" time="0.438" /><testcase classname="backend.tests.test_tenant_isolation_activities.TestActivityCRUD" name="test_delete_activity_not_found" time="0.319" /><testcase classname="backend.tests.test_tenant_isolation_activities.TestActivityCRUD" name="test_get_single_activity" time="0.396" /><testcase classname="backend.tests.test_tenant_isolation_activities.TestActivityCRUDAccessControl" name="test_ormond_admin_cannot_access_murphy_activities" time="0.307" /><testcase classname="backend.tests.test_tenant_isolation_activities.TestActivityCRUDAccessControl" name="test_murphy_admin_cannot_access_ormond_activities" time="0.333" /><testcase classname="backend.tests.test_tenant_isolation_activities.TestActivityCRUDAccessControl" name="test_super_admin_can_access_any_tenant_activities" time="0.351" /><testcase classname="backend.tests.test_tenant_isolation_activities.TestActivityCRUDAccessControl" name="test_super_admin_can_create_activity_any_tenant" time="0.357" /><testcase classname="backend.tests.test_tenant_isolation_activities.TestCleanup" name="test_cleanup_test_activities" time="0.374" /></testsuite></testsuites>