<?xml version="1.0" encoding="utf-8"?><testsuites name="pytest tests"><testsuite name="pytest" errors="0" failures="0" skipped="0" tests="19" time="2.721" timestamp="2026-02-01T22:19:24.524763+00:00" hostname="agent-env-9776c372-5682-4daa-b32f-e229ec24c73b"><testcase classname="backend.tests.test_admin_features.TestAuthentication" name="test_ormond_admin_login" time="0.593" /><testcase classname="backend.tests.test_admin_features.TestAuthentication" name="test_super_admin_login" time="0.265" /><testcase classname="backend.tests.test_admin_features.TestAuthentication" name="test_student_login" time="0.260" /><testcase classname="backend.tests.test_admin_features.TestAdminStats" name="test_admin_stats_returns_user_counts" time="0.043" /><testcase classname="backend.tests.test_admin_features.TestAdminStats" name="test_admin_stats_requires_admin_role" time="0.308" /><testcase classname="backend.tests.test_admin_features.TestEventsCsvFeatures" name="test_events_csv_template" time="0.039" /><testcase classname="backend.tests.test_admin_features.TestEventsCsvFeatures" name="test_events_csv_export" time="0.038" /><testcase classname="backend.tests.test_admin_features.TestEventsCsvFeatures" name="test_events_csv_export_requires_admin" time="0.037" /><testcase classname="backend.tests.test_admin_features.TestDiningCsvExport" name="test_dining_menu_csv_export" time="0.049" /><testcase classname="backend.tests.test_admin_features.TestDiningCsvExport" name="test_dining_csv_export_requires_admin" time="0.079" /><testcase classname="backend.tests.test_admin_features.TestAdminCreateTutor" name="test_admin_create_tutor" time="0.037" /><testcase classname="backend.tests.test_admin_features.TestAdminCreateTutor" name="test_admin_create_tutor_requires_admin" time="0.038" /><testcase classname="backend.tests.test_admin_features.TestAnnouncementsExpiry" name="test_create_announcement_with_expiry" time="0.038" /><testcase classname="backend.tests.test_admin_features.TestAnnouncementsExpiry" name="test_get_announcements_filters_expired" time="0.038" /><testcase classname="backend.tests.test_admin_features.TestAnnouncementsExpiry" name="test_get_archived_announcements" time="0.078" /><testcase classname="backend.tests.test_admin_features.TestAnnouncementsExpiry" name="test_archive_announcement" time="0.080" /><testcase classname="backend.tests.test_admin_features.TestSafeDisclosureForward" name="test_forward_disclosure_endpoint_exists" time="0.538" /><testcase classname="backend.tests.test_admin_features.TestSafeDisclosureForward" name="test_forward_disclosure_requires_admin" time="0.038" /><testcase classname="backend.tests.test_admin_features.TestCsvTemplates" name="test_get_all_csv_templates" time="0.043" /></testsuite></testsuites>