<?xml version="1.0" encoding="utf-8"?><testsuites name="pytest tests"><testsuite name="pytest" errors="1" failures="0" skipped="1" tests="7" time="3.524" timestamp="2026-02-18T02:51:34.070615+00:00" hostname="agent-env-3b24b185-e693-46c8-8e52-3b3e39af9752"><testcase classname="tests.test_mfa_auth.TestHealthAndSetup" name="test_health_endpoint" time="0.219" /><testcase classname="tests.test_mfa_auth.TestMFALoginFlags" name="test_super_admin_login_returns_mfa_required" time="0.355" /><testcase classname="tests.test_mfa_auth.TestMFALoginFlags" name="test_student_login_no_mfa_required" time="0.639"><skipped type="pytest.skip" message="Could not log in as student: {&quot;detail&quot;:&quot;Invalid email or password&quot;}">/app/backend/tests/test_mfa_auth.py:102: Could not log in as student: {"detail":"Invalid email or password"}</skipped></testcase><testcase classname="tests.test_mfa_auth.TestMFASetupEndpoint" name="test_mfa_setup_generates_qr_and_secret" time="0.664" /><testcase classname="tests.test_mfa_auth.TestMFAVerifyEndpoint" name="test_mfa_verify_rejects_invalid_code" time="0.812" /><testcase classname="tests.test_mfa_auth.TestMFALoginVerification" name="test_mfa_login_endpoint_exists" time="0.636" /><testcase classname="tests.test_mfa_auth.TestMFAStatus" name="test_mfa_status_returns_correct_structure" time="0.117"><error message="failed on setup with &quot;assert 429 == 200&#10; +  where 429 = &lt;Response [429]&gt;.status_code&quot;">tests/test_mfa_auth.py:284: in super_admin_token
    assert response.status_code == 200
E   assert 429 == 200
E    +  where 429 = &lt;Response [429]&gt;.status_code</error></testcase></testsuite></testsuites>