<?xml version="1.0" encoding="utf-8"?><testsuites name="pytest tests"><testsuite name="pytest" errors="0" failures="0" skipped="0" tests="15" time="7.036" timestamp="2026-02-24T23:39:21.917906+00:00" hostname="agent-env-59af2c28-33bd-4409-ad6f-ce8ed87ce7c0"><testcase classname="backend.tests.test_recognition_floor_events.TestLogin" name="test_login_admin" time="3.925" /><testcase classname="backend.tests.test_recognition_floor_events.TestLogin" name="test_login_student_alice" time="0.000" /><testcase classname="backend.tests.test_recognition_floor_events.TestLogin" name="test_login_student_bob" time="0.000" /><testcase classname="backend.tests.test_recognition_floor_events.TestLogin" name="test_login_ra_carol" time="0.000" /><testcase classname="backend.tests.test_recognition_floor_events.TestRecognitionParticipants" name="test_get_all_participants" time="0.173" /><testcase classname="backend.tests.test_recognition_floor_events.TestRecognitionParticipants" name="test_search_participants_by_name" time="0.114" /><testcase classname="backend.tests.test_recognition_floor_events.TestRecognitionParticipants" name="test_search_participants_by_email" time="0.155" /><testcase classname="backend.tests.test_recognition_floor_events.TestRecognitionParticipants" name="test_search_participants_no_results" time="0.140" /><testcase classname="backend.tests.test_recognition_floor_events.TestShoutoutsWithRecipientId" name="test_create_shoutout_with_recipient_id" time="0.145" /><testcase classname="backend.tests.test_recognition_floor_events.TestShoutoutsWithRecipientId" name="test_get_shoutouts_has_sender_and_recipient_names" time="0.155" /><testcase classname="backend.tests.test_recognition_floor_events.TestShoutoutNotification" name="test_recipient_receives_shoutout_notification" time="1.490" /><testcase classname="backend.tests.test_recognition_floor_events.TestFloorEvents" name="test_ra_can_create_floor_event" time="0.142" /><testcase classname="backend.tests.test_recognition_floor_events.TestFloorEvents" name="test_student_cannot_create_floor_event" time="0.123" /><testcase classname="backend.tests.test_recognition_floor_events.TestFloorEvents" name="test_student_sees_ra_created_events" time="0.256" /><testcase classname="backend.tests.test_recognition_floor_events.TestFloorEventsRetrieval" name="test_get_floor_events" time="0.134" /></testsuite></testsuites>