<?xml version="1.0" encoding="utf-8"?><testsuites name="pytest tests"><testsuite name="pytest" errors="0" failures="0" skipped="0" tests="17" time="4.363" timestamp="2026-02-06T03:23:43.063504+00:00" hostname="agent-env-1ffc5154-2fa4-4369-849f-ca123065fbca"><testcase classname="backend.tests.test_security_owasp.TestAuthentication" name="test_login_returns_401_for_invalid_credentials" time="0.720" /><testcase classname="backend.tests.test_security_owasp.TestAuthentication" name="test_login_success_with_valid_credentials" time="0.278" /><testcase classname="backend.tests.test_security_owasp.TestAccessControl" name="test_admin_users_requires_authentication" time="0.044" /><testcase classname="backend.tests.test_security_owasp.TestAccessControl" name="test_tenants_requires_authentication" time="0.047" /><testcase classname="backend.tests.test_security_owasp.TestAccessControl" name="test_student_cannot_access_admin_users" time="0.335" /><testcase classname="backend.tests.test_security_owasp.TestAccessControl" name="test_student_cannot_access_tenants" time="0.039" /><testcase classname="backend.tests.test_security_owasp.TestAccessControl" name="test_tenant_admin_can_access_admin_users" time="0.310" /><testcase classname="backend.tests.test_security_owasp.TestAccessControl" name="test_super_admin_can_access_tenants" time="0.308" /><testcase classname="backend.tests.test_security_owasp.TestAccessControl" name="test_student_cannot_access_admin_stats" time="0.049" /><testcase classname="backend.tests.test_security_owasp.TestAccessControl" name="test_student_cannot_invite_users" time="0.043" /><testcase classname="backend.tests.test_security_owasp.TestCSVInjectionPrevention" name="test_csv_injection_sanitized_in_bulk_user_import" time="1.530" /><testcase classname="backend.tests.test_security_owasp.TestCSVInjectionPrevention" name="test_csv_injection_sanitized_in_events_bulk_upload" time="0.058" /><testcase classname="backend.tests.test_security_owasp.TestCSVInjectionPrevention" name="test_csv_injection_sanitized_in_dining_bulk_upload" time="0.055" /><testcase classname="backend.tests.test_security_owasp.TestCSVInjectionPrevention" name="test_sanitize_csv_value_strips_formula_chars" time="0.239" /><testcase classname="backend.tests.test_security_owasp.TestSecurityMisconfiguration" name="test_invalid_endpoint_returns_404" time="0.042" /><testcase classname="backend.tests.test_security_owasp.TestSecurityMisconfiguration" name="test_method_not_allowed_returns_405" time="0.039" /><testcase classname="backend.tests.test_security_owasp.TestSecurityMisconfiguration" name="test_malformed_json_returns_422" time="0.039" /></testsuite></testsuites>