<?xml version="1.0" encoding="utf-8"?><testsuites name="pytest tests"><testsuite name="pytest" errors="0" failures="0" skipped="0" tests="19" time="3.368" timestamp="2026-01-31T23:07:17.126287+00:00" hostname="agent-env-96efa6b3-6cbf-4b53-aaf3-92bd1f292369"><testcase classname="backend.tests.test_white_label_sso.TestWhiteLabelBrandingPublicEndpoints" name="test_get_branding_defaults" time="0.073" /><testcase classname="backend.tests.test_white_label_sso.TestWhiteLabelBrandingPublicEndpoints" name="test_get_branding_presets" time="0.046" /><testcase classname="backend.tests.test_white_label_sso.TestWhiteLabelBrandingPublicEndpoints" name="test_get_public_branding_existing_tenant" time="0.044" /><testcase classname="backend.tests.test_white_label_sso.TestWhiteLabelBrandingPublicEndpoints" name="test_get_public_branding_unknown_tenant" time="0.047" /><testcase classname="backend.tests.test_white_label_sso.TestSSOPublicEndpoints" name="test_list_sso_providers" time="0.038" /><testcase classname="backend.tests.test_white_label_sso.TestWhiteLabelBrandingAuthenticatedEndpoints" name="test_get_tenant_branding_as_super_admin" time="0.273" /><testcase classname="backend.tests.test_white_label_sso.TestWhiteLabelBrandingAuthenticatedEndpoints" name="test_get_tenant_branding_not_found" time="0.279" /><testcase classname="backend.tests.test_white_label_sso.TestSSOAuthenticatedEndpoints" name="test_get_sso_config_as_super_admin" time="0.284" /><testcase classname="backend.tests.test_white_label_sso.TestSSOAuthenticatedEndpoints" name="test_get_sso_config_not_found" time="0.279" /><testcase classname="backend.tests.test_white_label_sso.TestTenantAdminAccess" name="test_tenant_admin_can_access_own_branding" time="0.318" /><testcase classname="backend.tests.test_white_label_sso.TestTenantAdminAccess" name="test_tenant_admin_can_access_own_sso_config" time="0.283" /><testcase classname="backend.tests.test_white_label_sso.TestAuthenticationWithHttpOnlyCookies" name="test_login_sets_httponly_cookie" time="0.269" /><testcase classname="backend.tests.test_white_label_sso.TestAuthenticationWithHttpOnlyCookies" name="test_auth_me_endpoint_works" time="0.274" /><testcase classname="backend.tests.test_white_label_sso.TestAuthenticationWithHttpOnlyCookies" name="test_logout_clears_session" time="0.298" /><testcase classname="backend.tests.test_white_label_sso.TestAdminAuditLogging" name="test_module_update_logs_admin_action" time="0.295" /><testcase classname="backend.tests.test_white_label_sso.TestUnauthorizedAccess" name="test_branding_tenant_requires_auth" time="0.043" /><testcase classname="backend.tests.test_white_label_sso.TestUnauthorizedAccess" name="test_sso_config_requires_auth" time="0.038" /><testcase classname="backend.tests.test_white_label_sso.TestSSOLoginFlow" name="test_sso_login_without_config_returns_error" time="0.081" /><testcase classname="backend.tests.test_white_label_sso.TestSSOLoginFlow" name="test_saml_metadata_endpoint" time="0.043" /></testsuite></testsuites>