<?xml version="1.0" encoding="utf-8"?><testsuites name="pytest tests"><testsuite name="pytest" errors="0" failures="0" skipped="0" tests="11" time="2.050" timestamp="2026-02-02T04:27:43.483964+00:00" hostname="agent-env-68b0ae96-f591-4fe3-b713-36762c1f3de6"><testcase classname="backend.tests.test_audit_logging.TestAuditLogging" name="test_user_invite_creates_audit_log" time="0.665" /><testcase classname="backend.tests.test_audit_logging.TestAuditLogging" name="test_super_admin_sees_all_audit_logs" time="0.319" /><testcase classname="backend.tests.test_audit_logging.TestAuditLogging" name="test_tenant_admin_sees_only_own_tenant_logs" time="0.039" /><testcase classname="backend.tests.test_audit_logging.TestAuditLogging" name="test_filter_by_action_type" time="0.125" /><testcase classname="backend.tests.test_audit_logging.TestAuditLogging" name="test_audit_summary_endpoint" time="0.082" /><testcase classname="backend.tests.test_audit_logging.TestAuditLogging" name="test_tenant_admin_summary_filtered" time="0.042" /><testcase classname="backend.tests.test_audit_logging.TestAuditLogging" name="test_role_change_creates_audit_log" time="0.438" /><testcase classname="backend.tests.test_audit_logging.TestAuditLogging" name="test_action_types_endpoint" time="0.043" /><testcase classname="backend.tests.test_audit_logging.TestAuditLogging" name="test_my_activity_endpoint" time="0.042" /><testcase classname="backend.tests.test_audit_logging.TestAuditLogging" name="test_high_severity_endpoint" time="0.083" /><testcase classname="backend.tests.test_audit_logging.TestAuditLogging" name="test_audit_pagination" time="0.089" /></testsuite></testsuites>