<?xml version="1.0" encoding="utf-8"?><testsuites name="pytest tests"><testsuite name="pytest" errors="0" failures="0" skipped="0" tests="18" time="5.737" timestamp="2026-02-01T22:32:05.616520+00:00" hostname="agent-env-9776c372-5682-4daa-b32f-e229ec24c73b"><testcase classname="backend.tests.test_bug_fixes_batch.TestAuthentication" name="test_murphy_shark_admin_login" time="0.361" /><testcase classname="backend.tests.test_bug_fixes_batch.TestAuthentication" name="test_murphy_shark_student_login" time="0.273" /><testcase classname="backend.tests.test_bug_fixes_batch.TestAuthentication" name="test_ormond_admin_login" time="0.268" /><testcase classname="backend.tests.test_bug_fixes_batch.TestCoCurricularGroupsForStudents" name="test_student_can_get_all_cocurricular_groups" time="0.310" /><testcase classname="backend.tests.test_bug_fixes_batch.TestCoCurricularGroupsForStudents" name="test_admin_can_get_all_cocurricular_groups" time="0.308" /><testcase classname="backend.tests.test_bug_fixes_batch.TestUserSearchForStudents" name="test_student_can_search_users" time="0.313" /><testcase classname="backend.tests.test_bug_fixes_batch.TestUserSearchForStudents" name="test_student_can_search_users_with_query" time="0.301" /><testcase classname="backend.tests.test_bug_fixes_batch.TestUserSearchForStudents" name="test_admin_can_search_users" time="0.340" /><testcase classname="backend.tests.test_bug_fixes_batch.TestEventsDateFiltering" name="test_events_default_returns_future_only" time="0.305" /><testcase classname="backend.tests.test_bug_fixes_batch.TestEventsDateFiltering" name="test_events_include_past_returns_all" time="0.317" /><testcase classname="backend.tests.test_bug_fixes_batch.TestEventsDateFiltering" name="test_events_all_endpoint_returns_all" time="0.313" /><testcase classname="backend.tests.test_bug_fixes_batch.TestConversationDeletion" name="test_delete_conversation_endpoint_exists" time="0.302" /><testcase classname="backend.tests.test_bug_fixes_batch.TestConversationDeletion" name="test_get_conversations_for_user" time="0.305" /><testcase classname="backend.tests.test_bug_fixes_batch.TestMessageGroupLeave" name="test_leave_group_endpoint_exists" time="0.304" /><testcase classname="backend.tests.test_bug_fixes_batch.TestMessageGroupLeave" name="test_get_user_message_groups" time="0.305" /><testcase classname="backend.tests.test_bug_fixes_batch.TestCoCurricularModelValidation" name="test_get_cocurricular_groups_by_type" time="0.387" /><testcase classname="backend.tests.test_bug_fixes_batch.TestOrmond" name="test_ormond_events_filtering" time="0.353" /><testcase classname="backend.tests.test_bug_fixes_batch.TestOrmond" name="test_ormond_cocurricular_groups" time="0.298" /></testsuite></testsuites>