<?xml version="1.0" encoding="utf-8"?><testsuites name="pytest tests"><testsuite name="pytest" errors="0" failures="0" skipped="3" tests="30" time="8.205" timestamp="2026-02-17T04:00:20.869994+00:00" hostname="agent-env-5fb7e4ca-de12-428e-92c8-1fbbdcaca44c"><testcase classname="backend.tests.test_owasp_a01_full_security.TestBackendHealth" name="test_ping_endpoint" time="0.249" /><testcase classname="backend.tests.test_owasp_a01_full_security.TestBackendHealth" name="test_health_db_endpoint" time="0.156" /><testcase classname="backend.tests.test_owasp_a01_full_security.TestAuthenticationEndpoints" name="test_super_admin_login" time="0.525" /><testcase classname="backend.tests.test_owasp_a01_full_security.TestAuthenticationEndpoints" name="test_invalid_login" time="0.411" /><testcase classname="backend.tests.test_owasp_a01_full_security.TestMaintenanceEndpointsTenantIsolation" name="test_maintenance_get_requires_tenant" time="0.516" /><testcase classname="backend.tests.test_owasp_a01_full_security.TestMaintenanceEndpointsTenantIsolation" name="test_maintenance_post_requires_tenant" time="0.197" /><testcase classname="backend.tests.test_owasp_a01_full_security.TestMaintenanceEndpointsTenantIsolation" name="test_maintenance_facilitators_requires_tenant" time="0.151" /><testcase classname="backend.tests.test_owasp_a01_full_security.TestAnnouncementsEndpointsTenantIsolation" name="test_announcements_get_requires_tenant" time="0.552" /><testcase classname="backend.tests.test_owasp_a01_full_security.TestAnnouncementsEndpointsTenantIsolation" name="test_announcements_post_requires_tenant" time="0.188" /><testcase classname="backend.tests.test_owasp_a01_full_security.TestAnnouncementsEndpointsTenantIsolation" name="test_announcements_archived_requires_tenant" time="0.179" /><testcase classname="backend.tests.test_owasp_a01_full_security.TestBookingsEndpointsTenantIsolation" name="test_bookings_get_requires_tenant" time="0.541" /><testcase classname="backend.tests.test_owasp_a01_full_security.TestBookingsEndpointsTenantIsolation" name="test_bookings_post_requires_tenant" time="0.128" /><testcase classname="backend.tests.test_owasp_a01_full_security.TestBirthdaysEndpointsTenantIsolation" name="test_birthdays_upcoming_requires_tenant" time="0.468" /><testcase classname="backend.tests.test_owasp_a01_full_security.TestBirthdaysEndpointsTenantIsolation" name="test_birthdays_today_requires_tenant" time="0.134" /><testcase classname="backend.tests.test_owasp_a01_full_security.TestParcelsEndpointsTenantIsolation" name="test_parcels_get_requires_tenant" time="0.551" /><testcase classname="backend.tests.test_owasp_a01_full_security.TestParcelsEndpointsTenantIsolation" name="test_parcels_pending_requires_tenant" time="0.775" /><testcase classname="backend.tests.test_owasp_a01_full_security.TestFloorEndpointsTenantIsolation" name="test_floor_users_requires_tenant" time="0.549" /><testcase classname="backend.tests.test_owasp_a01_full_security.TestFloorEndpointsTenantIsolation" name="test_floor_events_requires_tenant" time="0.176" /><testcase classname="backend.tests.test_owasp_a01_full_security.TestFloorEndpointsTenantIsolation" name="test_emergency_contacts_requires_tenant" time="0.144" /><testcase classname="backend.tests.test_owasp_a01_full_security.TestAcademicsEndpointsTenantIsolation" name="test_study_groups_get_requires_tenant" time="0.525" /><testcase classname="backend.tests.test_owasp_a01_full_security.TestAcademicsEndpointsTenantIsolation" name="test_study_groups_post_requires_tenant" time="0.140" /><testcase classname="backend.tests.test_owasp_a01_full_security.TestAcademicsEndpointsTenantIsolation" name="test_tutoring_get_requires_tenant" time="0.151" /><testcase classname="backend.tests.test_owasp_a01_full_security.TestSafeDisclosureEndpointsTenantIsolation" name="test_safe_disclosures_get_requires_tenant" time="0.156"><skipped type="pytest.skip" message="Could not get super admin token">/app/backend/tests/test_owasp_a01_full_security.py:342: Could not get super admin token</skipped></testcase><testcase classname="backend.tests.test_owasp_a01_full_security.TestSafeDisclosureEndpointsTenantIsolation" name="test_safe_disclosures_post_requires_tenant" time="0.000"><skipped type="pytest.skip" message="Could not get super admin token">/app/backend/tests/test_owasp_a01_full_security.py:352: Could not get super admin token</skipped></testcase><testcase classname="backend.tests.test_owasp_a01_full_security.TestSafeDisclosureEndpointsTenantIsolation" name="test_safe_disclosures_stats_requires_tenant" time="0.000"><skipped type="pytest.skip" message="Could not get super admin token">/app/backend/tests/test_owasp_a01_full_security.py:367: Could not get super admin token</skipped></testcase><testcase classname="backend.tests.test_owasp_a01_full_security.TestUnauthenticatedAccess" name="test_maintenance_requires_auth" time="0.124" /><testcase classname="backend.tests.test_owasp_a01_full_security.TestUnauthenticatedAccess" name="test_announcements_requires_auth" time="0.110" /><testcase classname="backend.tests.test_owasp_a01_full_security.TestUnauthenticatedAccess" name="test_bookings_requires_auth" time="0.142" /><testcase classname="backend.tests.test_owasp_a01_full_security.TestUnauthenticatedAccess" name="test_safe_disclosures_requires_auth" time="0.098" /><testcase classname="backend.tests.test_owasp_a01_full_security.TestUnauthenticatedAccess" name="test_study_groups_requires_auth" time="0.096" /></testsuite></testsuites>