<?xml version="1.0" encoding="utf-8"?><testsuites name="pytest tests"><testsuite name="pytest" errors="0" failures="1" skipped="1" tests="18" time="5.162" timestamp="2026-01-16T06:43:23.304004+00:00" hostname="agent-env-81611132-2370-4e3d-b484-149572b52ea8"><testcase classname="tests.test_admin_features.TestAdminAuthentication" name="test_admin_login_primary" time="0.296" /><testcase classname="tests.test_admin_features.TestAdminAuthentication" name="test_admin_login_fallback" time="0.303" /><testcase classname="tests.test_admin_features.TestAdminDashboardStats" name="test_admin_stats_endpoint" time="0.347" /><testcase classname="tests.test_admin_features.TestAdminDashboardStats" name="test_stats_requires_admin" time="0.306" /><testcase classname="tests.test_admin_features.TestAdminEventsManagement" name="test_admin_edit_event" time="0.467" /><testcase classname="tests.test_admin_features.TestAdminEventsManagement" name="test_admin_delete_event" time="0.379" /><testcase classname="tests.test_admin_features.TestAdminDiningLateMeals" name="test_admin_view_all_late_meals" time="0.305" /><testcase classname="tests.test_admin_features.TestAdminDiningLateMeals" name="test_admin_edit_any_late_meal" time="0.384" /><testcase classname="tests.test_admin_features.TestAdminDiningLateMeals" name="test_admin_delete_any_late_meal" time="0.342" /><testcase classname="tests.test_admin_features.TestUserSearchSecurity" name="test_admin_search_returns_full_data" time="0.301" /><testcase classname="tests.test_admin_features.TestUserSearchSecurity" name="test_student_search_returns_limited_data" time="0.078"><skipped type="pytest.skip" message="Student authentication failed: 429 - {&quot;error&quot;:&quot;Rate limit exceeded: 5 per 1 minute&quot;}">/app/tests/test_admin_features.py:368: Student authentication failed: 429 - {"error":"Rate limit exceeded: 5 per 1 minute"}</skipped></testcase><testcase classname="tests.test_admin_features.TestUserSearchSecurity" name="test_ra_search_returns_limited_data" time="0.304" /><testcase classname="tests.test_admin_features.TestAuthenticationFlow" name="test_login_returns_token_and_user" time="0.037"><failure message="AssertionError: Login failed: 429&#10;assert 429 == 200&#10; +  where 429 = &lt;Response [429]&gt;.status_code">tests/test_admin_features.py:419: in test_login_returns_token_and_user
    assert response.status_code == 200, f"Login failed: {response.status_code}"
E   AssertionError: Login failed: 429
E   assert 429 == 200
E    +  where 429 = &lt;Response [429]&gt;.status_code</failure></testcase><testcase classname="tests.test_admin_features.TestAuthenticationFlow" name="test_get_current_user" time="0.305" /><testcase classname="tests.test_admin_features.TestAuthenticationFlow" name="test_logout_invalidates_session" time="0.340" /><testcase classname="tests.test_admin_features.TestCredentialsValidation" name="test_validate_admin_credentials" time="0.038" /><testcase classname="tests.test_admin_features.TestCredentialsValidation" name="test_validate_student_credentials" time="0.262" /><testcase classname="tests.test_admin_features.TestCredentialsValidation" name="test_validate_ra_credentials" time="0.264" /></testsuite></testsuites>