<?xml version="1.0" encoding="utf-8"?><testsuites name="pytest tests"><testsuite name="pytest" errors="0" failures="0" skipped="0" tests="13" time="6.913" timestamp="2026-02-17T03:48:22.914394+00:00" hostname="agent-env-5fb7e4ca-de12-428e-92c8-1fbbdcaca44c"><testcase classname="tests.test_tenant_isolation_security.TestBackendHealth" name="test_ping_endpoint" time="0.162" /><testcase classname="tests.test_tenant_isolation_security.TestBackendHealth" name="test_health_db_endpoint" time="0.157" /><testcase classname="tests.test_tenant_isolation_security.TestAuthenticationEndpoints" name="test_super_admin_login" time="0.854" /><testcase classname="tests.test_tenant_isolation_security.TestAuthenticationEndpoints" name="test_invalid_login" time="0.359" /><testcase classname="tests.test_tenant_isolation_security.TestMaintenanceEndpointsTenantIsolation" name="test_maintenance_get_requires_tenant" time="1.398" /><testcase classname="tests.test_tenant_isolation_security.TestMaintenanceEndpointsTenantIsolation" name="test_maintenance_post_requires_tenant" time="0.680" /><testcase classname="tests.test_tenant_isolation_security.TestMaintenanceEndpointsTenantIsolation" name="test_maintenance_facilitators_requires_tenant" time="0.863" /><testcase classname="tests.test_tenant_isolation_security.TestSafeDisclosureEndpointsTenantIsolation" name="test_safe_disclosures_get_requires_tenant" time="0.517" /><testcase classname="tests.test_tenant_isolation_security.TestSafeDisclosureEndpointsTenantIsolation" name="test_safe_disclosures_post_requires_tenant" time="0.484" /><testcase classname="tests.test_tenant_isolation_security.TestSafeDisclosureEndpointsTenantIsolation" name="test_safe_disclosures_stats_requires_tenant" time="0.553" /><testcase classname="tests.test_tenant_isolation_security.TestSafeDisclosureEndpointsTenantIsolation" name="test_safe_disclosures_annual_report_requires_tenant" time="0.538" /><testcase classname="tests.test_tenant_isolation_security.TestUnauthenticatedAccess" name="test_maintenance_requires_auth" time="0.161" /><testcase classname="tests.test_tenant_isolation_security.TestUnauthenticatedAccess" name="test_safe_disclosures_requires_auth" time="0.125" /></testsuite></testsuites>