<?xml version="1.0" encoding="utf-8"?><testsuites name="pytest tests"><testsuite name="pytest" errors="0" failures="0" skipped="0" tests="24" time="4.381" timestamp="2026-01-13T00:45:47.851202+00:00" hostname="agent-env-11356093-fd34-4ad5-97e6-480463c4b65b"><testcase classname="tests.test_push_notification_triggers.TestAuthSetup" name="test_super_admin_login" time="0.297" /><testcase classname="tests.test_push_notification_triggers.TestAuthSetup" name="test_student_login" time="0.271" /><testcase classname="tests.test_push_notification_triggers.TestAnnouncementNotifications" name="test_create_announcement_triggers_notification" time="0.315" /><testcase classname="tests.test_push_notification_triggers.TestAnnouncementNotifications" name="test_create_emergency_announcement_triggers_notification" time="0.055" /><testcase classname="tests.test_push_notification_triggers.TestAnnouncementNotifications" name="test_scheduled_announcement_does_not_trigger_notification" time="0.040" /><testcase classname="tests.test_push_notification_triggers.TestAnnouncementNotifications" name="test_student_cannot_create_announcement" time="0.310" /><testcase classname="tests.test_push_notification_triggers.TestEventNotifications" name="test_create_event_triggers_notification" time="0.311" /><testcase classname="tests.test_push_notification_triggers.TestEventNotifications" name="test_create_house_event_triggers_notification" time="0.046" /><testcase classname="tests.test_push_notification_triggers.TestEventNotifications" name="test_student_cannot_create_event" time="0.350" /><testcase classname="tests.test_push_notification_triggers.TestEventReminders" name="test_send_reminders_endpoint_works" time="0.314" /><testcase classname="tests.test_push_notification_triggers.TestEventReminders" name="test_send_reminders_with_custom_hours" time="0.048" /><testcase classname="tests.test_push_notification_triggers.TestEventReminders" name="test_student_cannot_trigger_reminders" time="0.306" /><testcase classname="tests.test_push_notification_triggers.TestEventReminders" name="test_upcoming_reminders_endpoint_works" time="0.048" /><testcase classname="tests.test_push_notification_triggers.TestEventReminders" name="test_upcoming_reminders_event_structure" time="0.047" /><testcase classname="tests.test_push_notification_triggers.TestEventReminders" name="test_student_cannot_view_upcoming_reminders" time="0.044" /><testcase classname="tests.test_push_notification_triggers.TestNotificationEndpoints" name="test_get_notification_preferences" time="0.306" /><testcase classname="tests.test_push_notification_triggers.TestNotificationEndpoints" name="test_update_notification_preferences" time="0.052" /><testcase classname="tests.test_push_notification_triggers.TestNotificationEndpoints" name="test_register_device_token" time="0.047" /><testcase classname="tests.test_push_notification_triggers.TestNotificationEndpoints" name="test_unregister_device" time="0.042" /><testcase classname="tests.test_push_notification_triggers.TestNotificationEndpoints" name="test_send_notification_requires_admin" time="0.085" /><testcase classname="tests.test_push_notification_triggers.TestNotificationEndpoints" name="test_admin_can_send_notification" time="0.349" /><testcase classname="tests.test_push_notification_triggers.TestGetAnnouncements" name="test_get_announcements" time="0.318" /><testcase classname="tests.test_push_notification_triggers.TestGetEvents" name="test_get_events_no_auth_required" time="0.041" /><testcase classname="tests.test_push_notification_triggers.TestCleanup" name="test_cleanup_info" time="0.269" /></testsuite></testsuites>