<?xml version="1.0" encoding="utf-8"?><testsuites name="pytest tests"><testsuite name="pytest" errors="0" failures="2" skipped="1" tests="15" time="5.899" timestamp="2026-02-16T03:35:17.399011+00:00" hostname="agent-env-1824fb90-ba83-4231-a1e8-a2842a2dbf54"><testcase classname="backend.tests.test_branding_api.TestBrandingAPI" name="test_01_login_api_works" time="0.875" /><testcase classname="backend.tests.test_branding_api.TestBrandingAPI" name="test_02_get_branding_endpoint_returns_200" time="0.402" /><testcase classname="backend.tests.test_branding_api.TestBrandingAPI" name="test_03_get_branding_returns_correct_colors" time="0.421" /><testcase classname="backend.tests.test_branding_api.TestBrandingAPI" name="test_04_update_branding_colors" time="0.425" /><testcase classname="backend.tests.test_branding_api.TestBrandingAPI" name="test_05_get_branding_after_update_shows_new_colors" time="0.861" /><testcase classname="backend.tests.test_branding_api.TestBrandingAPI" name="test_06_get_tenant_returns_branding_object" time="0.583" /><testcase classname="backend.tests.test_branding_api.TestBrandingAPI" name="test_07_reset_branding_to_defaults" time="0.424" /><testcase classname="backend.tests.test_branding_api.TestBrandingAPI" name="test_08_get_branding_after_reset" time="0.536" /><testcase classname="backend.tests.test_branding_api.TestBrandingAPI" name="test_09_restore_nature_green_branding" time="0.110"><skipped type="pytest.skip" message="Login failed, skipping test">/app/backend/tests/test_branding_api.py:256: Login failed, skipping test</skipped></testcase><testcase classname="backend.tests.test_branding_api.TestTenantLoginBrandingInclusion" name="test_10_tenant_login_branding_check_via_tenant_get" time="0.150"><failure message="assert 429 == 200&#10; +  where 429 = &lt;Response [429]&gt;.status_code">backend/tests/test_branding_api.py:298: in test_10_tenant_login_branding_check_via_tenant_get
    assert login_response.status_code == 200
E   assert 429 == 200
E    +  where 429 = &lt;Response [429]&gt;.status_code</failure></testcase><testcase classname="backend.tests.test_branding_api.TestBrandingAPIAuthorization" name="test_11_unauthorized_access_returns_401" time="0.111" /><testcase classname="backend.tests.test_branding_api.TestBrandingAPIAuthorization" name="test_12_unauthorized_update_returns_401" time="0.108" /><testcase classname="backend.tests.test_branding_api.TestBrandingPublicEndpoint" name="test_13_public_branding_endpoint" time="0.135" /><testcase classname="backend.tests.test_branding_api.TestLoginBrandingForTenantUsers" name="test_14_verify_auth_login_tenant_info_structure" time="0.339" /><testcase classname="backend.tests.test_branding_api.TestLoginBrandingForTenantUsers" name="test_15_verify_branding_uses_snake_case" time="0.214"><failure message="assert 429 == 200&#10; +  where 429 = &lt;Response [429]&gt;.status_code">backend/tests/test_branding_api.py:431: in test_15_verify_branding_uses_snake_case
    assert login_response.status_code == 200
E   assert 429 == 200
E    +  where 429 = &lt;Response [429]&gt;.status_code</failure></testcase></testsuite></testsuites>