<?xml version="1.0" encoding="utf-8"?><testsuites name="pytest tests"><testsuite name="pytest" errors="0" failures="1" skipped="12" tests="30" time="189.662" timestamp="2026-02-15T02:09:55.373850+00:00" hostname="agent-env-2bd449ca-0636-4ff6-9d93-d089ce2358ca"><testcase classname="backend.tests.test_tenant_isolated_routes.TestAuthenticationRequired" name="test_houses_leaderboard_requires_auth" time="0.208" /><testcase classname="backend.tests.test_tenant_isolated_routes.TestAuthenticationRequired" name="test_houses_award_requires_auth" time="0.179" /><testcase classname="backend.tests.test_tenant_isolated_routes.TestAuthenticationRequired" name="test_oweek_data_requires_auth" time="0.114" /><testcase classname="backend.tests.test_tenant_isolated_routes.TestAuthenticationRequired" name="test_oweek_activities_post_requires_auth" time="0.115" /><testcase classname="backend.tests.test_tenant_isolated_routes.TestAuthenticationRequired" name="test_oweek_activities_delete_requires_auth" time="0.128" /><testcase classname="backend.tests.test_tenant_isolated_routes.TestAuthenticationRequired" name="test_bills_requires_auth" time="0.132" /><testcase classname="backend.tests.test_tenant_isolated_routes.TestAuthenticationRequired" name="test_bills_summary_requires_auth" time="0.161" /><testcase classname="backend.tests.test_tenant_isolated_routes.TestAuthenticationRequired" name="test_ai_suggestions_requires_auth" time="0.122" /><testcase classname="backend.tests.test_tenant_isolated_routes.TestAuthenticationRequired" name="test_safe_disclosures_post_requires_auth" time="0.121" /><testcase classname="backend.tests.test_tenant_isolated_routes.TestAuthenticationRequired" name="test_safe_disclosures_get_requires_auth" time="0.115" /><testcase classname="backend.tests.test_tenant_isolated_routes.TestHousesRoutes" name="test_houses_leaderboard_authenticated_admin" time="0.175" /><testcase classname="backend.tests.test_tenant_isolated_routes.TestHousesRoutes" name="test_houses_leaderboard_student_can_access" time="0.000"><skipped type="pytest.skip" message="No student token available">/app/backend/tests/test_tenant_isolated_routes.py:161: No student token available</skipped></testcase><testcase classname="backend.tests.test_tenant_isolated_routes.TestHousesRoutes" name="test_houses_award_admin_success" time="0.116" /><testcase classname="backend.tests.test_tenant_isolated_routes.TestHousesRoutes" name="test_houses_award_student_forbidden" time="0.000"><skipped type="pytest.skip" message="No student token available">/app/backend/tests/test_tenant_isolated_routes.py:191: No student token available</skipped></testcase><testcase classname="backend.tests.test_tenant_isolated_routes.TestOWeekRoutes" name="test_oweek_data_authenticated" time="0.109" /><testcase classname="backend.tests.test_tenant_isolated_routes.TestOWeekRoutes" name="test_oweek_data_student_can_access" time="0.000"><skipped type="pytest.skip" message="No student token available">/app/backend/tests/test_tenant_isolated_routes.py:226: No student token available</skipped></testcase><testcase classname="backend.tests.test_tenant_isolated_routes.TestOWeekRoutes" name="test_oweek_activities_create_admin_success" time="0.126" /><testcase classname="backend.tests.test_tenant_isolated_routes.TestOWeekRoutes" name="test_oweek_activities_create_student_forbidden" time="0.000"><skipped type="pytest.skip" message="No student token available">/app/backend/tests/test_tenant_isolated_routes.py:258: No student token available</skipped></testcase><testcase classname="backend.tests.test_tenant_isolated_routes.TestOWeekRoutes" name="test_oweek_activities_delete_student_forbidden" time="0.000"><skipped type="pytest.skip" message="No student token available">/app/backend/tests/test_tenant_isolated_routes.py:275: No student token available</skipped></testcase><testcase classname="backend.tests.test_tenant_isolated_routes.TestFinanceRoutes" name="test_bills_authenticated" time="0.000"><skipped type="pytest.skip" message="No student token available">/app/backend/tests/test_tenant_isolated_routes.py:291: No student token available</skipped></testcase><testcase classname="backend.tests.test_tenant_isolated_routes.TestFinanceRoutes" name="test_bills_summary_authenticated" time="0.000"><skipped type="pytest.skip" message="No student token available">/app/backend/tests/test_tenant_isolated_routes.py:304: No student token available</skipped></testcase><testcase classname="backend.tests.test_tenant_isolated_routes.TestAISuggestionsRoute" name="test_ai_suggestions_authenticated" time="0.000"><skipped type="pytest.skip" message="No student token available">/app/backend/tests/test_tenant_isolated_routes.py:324: No student token available</skipped></testcase><testcase classname="backend.tests.test_tenant_isolated_routes.TestSafeDisclosureWithEncryption" name="test_safe_disclosure_create_with_preferred_contact" time="0.000"><skipped type="pytest.skip" message="No student token available">/app/backend/tests/test_tenant_isolated_routes.py:344: No student token available</skipped></testcase><testcase classname="backend.tests.test_tenant_isolated_routes.TestSafeDisclosureWithEncryption" name="test_safe_disclosure_get_list_decrypts_preferred_contact" time="0.000"><skipped type="pytest.skip" message="Missing tokens">/app/backend/tests/test_tenant_isolated_routes.py:383: Missing tokens</skipped></testcase><testcase classname="backend.tests.test_tenant_isolated_routes.TestSafeDisclosureWithEncryption" name="test_safe_disclosure_get_by_id_decrypts_preferred_contact" time="0.000"><skipped type="pytest.skip" message="Missing tokens">/app/backend/tests/test_tenant_isolated_routes.py:431: Missing tokens</skipped></testcase><testcase classname="backend.tests.test_tenant_isolated_routes.TestSafeDisclosureWithEncryption" name="test_safe_disclosure_anonymous_without_contact" time="0.000"><skipped type="pytest.skip" message="No student token available">/app/backend/tests/test_tenant_isolated_routes.py:470: No student token available</skipped></testcase><testcase classname="backend.tests.test_tenant_isolated_routes.TestFieldEncryptionUtility" name="test_encryption_handles_special_characters" time="2.178" /><testcase classname="backend.tests.test_tenant_isolated_routes.TestCredentialsVerification" name="test_super_admin_token_available" time="0.000" /><testcase classname="backend.tests.test_tenant_isolated_routes.TestCredentialsVerification" name="test_tenant_admin_token_available" time="0.000" /><testcase classname="backend.tests.test_tenant_isolated_routes.TestCredentialsVerification" name="test_student_token_available" time="0.000"><failure message="AssertionError: Student token not available - check credentials&#10;assert ''">backend/tests/test_tenant_isolated_routes.py:546: in test_student_token_available
    assert _student_token, "Student token not available - check credentials"
E   AssertionError: Student token not available - check credentials
E   assert ''</failure></testcase></testsuite></testsuites>